Processing: MF_Smoothed
SETTING: 
MODEL_TYPE: simple LOOKBACK: 2 SPLIT_RATIO: 0.8 BATCH_SIZE: 8
Epoch 0: train RMSE 2.3764, test RMSE 1.7540
Epoch 100: train RMSE 1.6666, test RMSE 1.6809
Epoch 200: train RMSE 1.6621, test RMSE 1.6802
Epoch 300: train RMSE 1.6585, test RMSE 1.6975
Epoch 400: train RMSE 1.6555, test RMSE 1.6878
Epoch 500: train RMSE 1.6518, test RMSE 1.6951
Epoch 600: train RMSE 1.6474, test RMSE 1.6960
Epoch 700: train RMSE 1.6420, test RMSE 1.6993
Epoch 800: train RMSE 1.6356, test RMSE 1.6954
Epoch 900: train RMSE 1.6288, test RMSE 1.6921
Epoch 1000: train RMSE 1.6214, test RMSE 1.7075
Epoch 1100: train RMSE 1.6136, test RMSE 1.6939
Epoch 1200: train RMSE 1.6050, test RMSE 1.7093
Epoch 1300: train RMSE 1.5965, test RMSE 1.7324
Epoch 1400: train RMSE 1.5857, test RMSE 1.7305
Epoch 1500: train RMSE 1.5756, test RMSE 1.7393
Epoch 1600: train RMSE 1.5681, test RMSE 1.7668
Epoch 1700: train RMSE 1.5611, test RMSE 1.7771
Epoch 1800: train RMSE 1.5560, test RMSE 1.7701
Epoch 1900: train RMSE 1.5510, test RMSE 1.8138
SETTING: 
MODEL_TYPE: simple LOOKBACK: 2 SPLIT_RATIO: 0.85 BATCH_SIZE: 8
Epoch 0: train RMSE 1.5696, test RMSE 1.7960
Epoch 100: train RMSE 1.5603, test RMSE 1.7706
Epoch 200: train RMSE 1.5568, test RMSE 1.7807
Epoch 300: train RMSE 1.5536, test RMSE 1.7735
Epoch 400: train RMSE 1.5513, test RMSE 1.7819
Epoch 500: train RMSE 1.5483, test RMSE 1.7637
Epoch 600: train RMSE 1.5468, test RMSE 1.7821
Epoch 700: train RMSE 1.5433, test RMSE 1.7766
Epoch 800: train RMSE 1.5419, test RMSE 1.7776
Epoch 900: train RMSE 1.5403, test RMSE 1.7862
Epoch 1000: train RMSE 1.5389, test RMSE 1.7684
Epoch 1100: train RMSE 1.5381, test RMSE 1.7709
Epoch 1200: train RMSE 1.5362, test RMSE 1.7806
Epoch 1300: train RMSE 1.5360, test RMSE 1.7773
Epoch 1400: train RMSE 1.5343, test RMSE 1.7885
Epoch 1500: train RMSE 1.5341, test RMSE 1.7837
Epoch 1600: train RMSE 1.5327, test RMSE 1.8001
Epoch 1700: train RMSE 1.5320, test RMSE 1.8012
Epoch 1800: train RMSE 1.5315, test RMSE 1.7930
Epoch 1900: train RMSE 1.5308, test RMSE 1.7754
SETTING: 
MODEL_TYPE: simple LOOKBACK: 2 SPLIT_RATIO: 0.9 BATCH_SIZE: 8
Epoch 0: train RMSE 1.5496, test RMSE 1.6574
Epoch 100: train RMSE 1.5432, test RMSE 1.6708
Epoch 200: train RMSE 1.5420, test RMSE 1.6709
Epoch 300: train RMSE 1.5412, test RMSE 1.6873
Epoch 400: train RMSE 1.5397, test RMSE 1.6832
Epoch 500: train RMSE 1.5392, test RMSE 1.6900
Epoch 600: train RMSE 1.5382, test RMSE 1.6913
Epoch 700: train RMSE 1.5373, test RMSE 1.6665
Epoch 800: train RMSE 1.5364, test RMSE 1.6717
Epoch 900: train RMSE 1.5355, test RMSE 1.6772
Epoch 1000: train RMSE 1.5351, test RMSE 1.6873
Epoch 1100: train RMSE 1.5344, test RMSE 1.6814
Epoch 1200: train RMSE 1.5332, test RMSE 1.6712
Epoch 1300: train RMSE 1.5326, test RMSE 1.6782
Epoch 1400: train RMSE 1.5320, test RMSE 1.6882
Epoch 1500: train RMSE 1.5315, test RMSE 1.6817
Epoch 1600: train RMSE 1.5310, test RMSE 1.6799
Epoch 1700: train RMSE 1.5304, test RMSE 1.6816
Epoch 1800: train RMSE 1.5301, test RMSE 1.6822
Epoch 1900: train RMSE 1.5297, test RMSE 1.6832
SETTING: 
MODEL_TYPE: simple LOOKBACK: 4 SPLIT_RATIO: 0.8 BATCH_SIZE: 8
Epoch 0: train RMSE 1.8405, test RMSE 1.8164
Epoch 100: train RMSE 1.2445, test RMSE 1.8427
Epoch 200: train RMSE 1.1924, test RMSE 1.9467
Epoch 300: train RMSE 1.1793, test RMSE 1.9796
Epoch 400: train RMSE 1.1712, test RMSE 2.0368
Epoch 500: train RMSE 1.1676, test RMSE 2.0408
Epoch 600: train RMSE 1.1654, test RMSE 2.0635
Epoch 700: train RMSE 1.1636, test RMSE 2.0699
Epoch 800: train RMSE 1.1624, test RMSE 2.0713
Epoch 900: train RMSE 1.1624, test RMSE 2.0784
Epoch 1000: train RMSE 1.1608, test RMSE 2.1022
Epoch 1100: train RMSE 1.1604, test RMSE 2.1048
Epoch 1200: train RMSE 1.1603, test RMSE 2.0988
Epoch 1300: train RMSE 1.1595, test RMSE 2.1024
Epoch 1400: train RMSE 1.1598, test RMSE 2.1179
Epoch 1500: train RMSE 1.1588, test RMSE 2.1196
Epoch 1600: train RMSE 1.1583, test RMSE 2.1187
Epoch 1700: train RMSE 1.1580, test RMSE 2.1375
Epoch 1800: train RMSE 1.1575, test RMSE 2.1318
Epoch 1900: train RMSE 1.1573, test RMSE 2.1266
SETTING: 
MODEL_TYPE: simple LOOKBACK: 4 SPLIT_RATIO: 0.85 BATCH_SIZE: 8
Epoch 0: train RMSE 1.2398, test RMSE 2.1254
Epoch 100: train RMSE 1.1804, test RMSE 2.0724
Epoch 200: train RMSE 1.1786, test RMSE 2.0738
Epoch 300: train RMSE 1.1777, test RMSE 2.0835
Epoch 400: train RMSE 1.1777, test RMSE 2.0858
Epoch 500: train RMSE 1.1769, test RMSE 2.0911
Epoch 600: train RMSE 1.1766, test RMSE 2.0986
Epoch 700: train RMSE 1.1766, test RMSE 2.0913
Epoch 800: train RMSE 1.1765, test RMSE 2.0902
Epoch 900: train RMSE 1.1762, test RMSE 2.0906
Epoch 1000: train RMSE 1.1760, test RMSE 2.1027
Epoch 1100: train RMSE 1.1757, test RMSE 2.1024
Epoch 1200: train RMSE 1.1754, test RMSE 2.1077
Epoch 1300: train RMSE 1.1754, test RMSE 2.0982
Epoch 1400: train RMSE 1.1759, test RMSE 2.1147
Epoch 1500: train RMSE 1.1749, test RMSE 2.0930
Epoch 1600: train RMSE 1.1747, test RMSE 2.1123
Epoch 1700: train RMSE 1.1743, test RMSE 2.1079
Epoch 1800: train RMSE 1.1744, test RMSE 2.1106
Epoch 1900: train RMSE 1.1741, test RMSE 2.1035
SETTING: 
MODEL_TYPE: simple LOOKBACK: 4 SPLIT_RATIO: 0.9 BATCH_SIZE: 8
Epoch 0: train RMSE 1.2526, test RMSE 1.8748
Epoch 100: train RMSE 1.1868, test RMSE 1.9258
Epoch 200: train RMSE 1.1863, test RMSE 1.9201
Epoch 300: train RMSE 1.1864, test RMSE 1.9186
Epoch 400: train RMSE 1.1862, test RMSE 1.9005
Epoch 500: train RMSE 1.1860, test RMSE 1.9142
Epoch 600: train RMSE 1.1862, test RMSE 1.9076
Epoch 700: train RMSE 1.1861, test RMSE 1.8952
Epoch 800: train RMSE 1.1853, test RMSE 1.9012
Epoch 900: train RMSE 1.1851, test RMSE 1.8989
Epoch 1000: train RMSE 1.1851, test RMSE 1.9023
Epoch 1100: train RMSE 1.1849, test RMSE 1.8924
Epoch 1200: train RMSE 1.1849, test RMSE 1.8913
Epoch 1300: train RMSE 1.1846, test RMSE 1.8965
Epoch 1400: train RMSE 1.1848, test RMSE 1.9010
Epoch 1500: train RMSE 1.1843, test RMSE 1.8910
Epoch 1600: train RMSE 1.1841, test RMSE 1.8959
Epoch 1700: train RMSE 1.1841, test RMSE 1.8992
Epoch 1800: train RMSE 1.1839, test RMSE 1.8966
Epoch 1900: train RMSE 1.1838, test RMSE 1.8900
SETTING: 
MODEL_TYPE: simple LOOKBACK: 6 SPLIT_RATIO: 0.8 BATCH_SIZE: 8
Epoch 0: train RMSE 1.2721, test RMSE 1.8165
Epoch 100: train RMSE 0.9472, test RMSE 1.9400
Epoch 200: train RMSE 0.9425, test RMSE 1.9603
Epoch 300: train RMSE 0.9417, test RMSE 1.9509
Epoch 400: train RMSE 0.9413, test RMSE 1.9635
Epoch 500: train RMSE 0.9404, test RMSE 1.9605
Epoch 600: train RMSE 0.9404, test RMSE 1.9580
Epoch 700: train RMSE 0.9407, test RMSE 1.9601
Epoch 800: train RMSE 0.9403, test RMSE 1.9735
Epoch 900: train RMSE 0.9400, test RMSE 1.9659
Epoch 1000: train RMSE 0.9400, test RMSE 1.9757
Epoch 1100: train RMSE 0.9397, test RMSE 1.9726
Epoch 1200: train RMSE 0.9399, test RMSE 1.9739
Epoch 1300: train RMSE 0.9399, test RMSE 1.9815
Epoch 1400: train RMSE 0.9396, test RMSE 1.9783
Epoch 1500: train RMSE 0.9394, test RMSE 1.9798
Epoch 1600: train RMSE 0.9395, test RMSE 1.9864
Epoch 1700: train RMSE 0.9397, test RMSE 1.9901
Epoch 1800: train RMSE 0.9390, test RMSE 1.9821
Epoch 1900: train RMSE 0.9392, test RMSE 1.9862
SETTING: 
MODEL_TYPE: simple LOOKBACK: 6 SPLIT_RATIO: 0.85 BATCH_SIZE: 8
Epoch 0: train RMSE 1.0134, test RMSE 2.0599
Epoch 100: train RMSE 0.9528, test RMSE 2.0612
Epoch 200: train RMSE 0.9518, test RMSE 2.0569
Epoch 300: train RMSE 0.9518, test RMSE 2.0529
Epoch 400: train RMSE 0.9515, test RMSE 2.0594
Epoch 500: train RMSE 0.9527, test RMSE 2.0559
Epoch 600: train RMSE 0.9513, test RMSE 2.0668
Epoch 700: train RMSE 0.9509, test RMSE 2.0546
Epoch 800: train RMSE 0.9510, test RMSE 2.0574
Epoch 900: train RMSE 0.9509, test RMSE 2.0642
Epoch 1000: train RMSE 0.9512, test RMSE 2.0530
Epoch 1100: train RMSE 0.9510, test RMSE 2.0697
Epoch 1200: train RMSE 0.9506, test RMSE 2.0579
Epoch 1300: train RMSE 0.9508, test RMSE 2.0525
Epoch 1400: train RMSE 0.9511, test RMSE 2.0610
Epoch 1500: train RMSE 0.9506, test RMSE 2.0507
Epoch 1600: train RMSE 0.9504, test RMSE 2.0444
Epoch 1700: train RMSE 0.9505, test RMSE 2.0440
Epoch 1800: train RMSE 0.9501, test RMSE 2.0559
Epoch 1900: train RMSE 0.9501, test RMSE 2.0484
SETTING: 
MODEL_TYPE: simple LOOKBACK: 6 SPLIT_RATIO: 0.9 BATCH_SIZE: 8
Epoch 0: train RMSE 1.0029, test RMSE 2.0925
Epoch 100: train RMSE 0.9649, test RMSE 2.1703
Epoch 200: train RMSE 0.9645, test RMSE 2.1731
Epoch 300: train RMSE 0.9645, test RMSE 2.1661
Epoch 400: train RMSE 0.9643, test RMSE 2.1702
Epoch 500: train RMSE 0.9642, test RMSE 2.1678
Epoch 600: train RMSE 0.9642, test RMSE 2.1668
Epoch 700: train RMSE 0.9640, test RMSE 2.1687
Epoch 800: train RMSE 0.9640, test RMSE 2.1646
Epoch 900: train RMSE 0.9640, test RMSE 2.1613
Epoch 1000: train RMSE 0.9642, test RMSE 2.1606
Epoch 1100: train RMSE 0.9638, test RMSE 2.1630
Epoch 1200: train RMSE 0.9641, test RMSE 2.1641
Epoch 1300: train RMSE 0.9638, test RMSE 2.1648
Epoch 1400: train RMSE 0.9643, test RMSE 2.1547
Epoch 1500: train RMSE 0.9634, test RMSE 2.1486
Epoch 1600: train RMSE 0.9637, test RMSE 2.1465
Epoch 1700: train RMSE 0.9640, test RMSE 2.1436
Epoch 1800: train RMSE 0.9637, test RMSE 2.1616
Epoch 1900: train RMSE 0.9635, test RMSE 2.1493
Processing: OF_Smoothed
SETTING: 
MODEL_TYPE: simple LOOKBACK: 2 SPLIT_RATIO: 0.8 BATCH_SIZE: 8
Epoch 0: train RMSE 2.2357, test RMSE 2.1861
Epoch 100: train RMSE 1.6280, test RMSE 1.5684
Epoch 200: train RMSE 1.6218, test RMSE 1.5645
Epoch 300: train RMSE 1.6146, test RMSE 1.5580
Epoch 400: train RMSE 1.6059, test RMSE 1.5633
Epoch 500: train RMSE 1.5950, test RMSE 1.5875
Epoch 600: train RMSE 1.5857, test RMSE 1.6200
Epoch 700: train RMSE 1.5764, test RMSE 1.6478
Epoch 800: train RMSE 1.5720, test RMSE 1.6647
Epoch 900: train RMSE 1.5688, test RMSE 1.6737
Epoch 1000: train RMSE 1.5657, test RMSE 1.6821
Epoch 1100: train RMSE 1.5625, test RMSE 1.6894
Epoch 1200: train RMSE 1.5581, test RMSE 1.6986
Epoch 1300: train RMSE 1.5544, test RMSE 1.7077
Epoch 1400: train RMSE 1.5498, test RMSE 1.7097
Epoch 1500: train RMSE 1.5460, test RMSE 1.7155
Epoch 1600: train RMSE 1.5425, test RMSE 1.7163
Epoch 1700: train RMSE 1.5394, test RMSE 1.7248
Epoch 1800: train RMSE 1.5364, test RMSE 1.7330
Epoch 1900: train RMSE 1.5342, test RMSE 1.7279
SETTING: 
MODEL_TYPE: simple LOOKBACK: 2 SPLIT_RATIO: 0.85 BATCH_SIZE: 8
Epoch 0: train RMSE 1.5558, test RMSE 1.6656
Epoch 100: train RMSE 1.5465, test RMSE 1.6813
Epoch 200: train RMSE 1.5435, test RMSE 1.6974
Epoch 300: train RMSE 1.5414, test RMSE 1.7121
Epoch 400: train RMSE 1.5400, test RMSE 1.7173
Epoch 500: train RMSE 1.5388, test RMSE 1.7294
Epoch 600: train RMSE 1.5373, test RMSE 1.7327
Epoch 700: train RMSE 1.5364, test RMSE 1.7340
Epoch 800: train RMSE 1.5358, test RMSE 1.7539
Epoch 900: train RMSE 1.5349, test RMSE 1.7408
Epoch 1000: train RMSE 1.5344, test RMSE 1.7472
Epoch 1100: train RMSE 1.5339, test RMSE 1.7528
Epoch 1200: train RMSE 1.5334, test RMSE 1.7534
Epoch 1300: train RMSE 1.5337, test RMSE 1.7313
Epoch 1400: train RMSE 1.5328, test RMSE 1.7399
Epoch 1500: train RMSE 1.5324, test RMSE 1.7522
Epoch 1600: train RMSE 1.5322, test RMSE 1.7555
Epoch 1700: train RMSE 1.5321, test RMSE 1.7547
Epoch 1800: train RMSE 1.5317, test RMSE 1.7442
Epoch 1900: train RMSE 1.5317, test RMSE 1.7394
SETTING: 
MODEL_TYPE: simple LOOKBACK: 2 SPLIT_RATIO: 0.9 BATCH_SIZE: 8
Epoch 0: train RMSE 1.5732, test RMSE 1.2167
Epoch 100: train RMSE 1.5617, test RMSE 1.3008
Epoch 200: train RMSE 1.5612, test RMSE 1.3185
Epoch 300: train RMSE 1.5603, test RMSE 1.2964
Epoch 400: train RMSE 1.5597, test RMSE 1.3191
Epoch 500: train RMSE 1.5592, test RMSE 1.3074
Epoch 600: train RMSE 1.5589, test RMSE 1.3055
Epoch 700: train RMSE 1.5585, test RMSE 1.3162
Epoch 800: train RMSE 1.5585, test RMSE 1.3231
Epoch 900: train RMSE 1.5582, test RMSE 1.3202
Epoch 1000: train RMSE 1.5578, test RMSE 1.3238
Epoch 1100: train RMSE 1.5577, test RMSE 1.3098
Epoch 1200: train RMSE 1.5574, test RMSE 1.3172
Epoch 1300: train RMSE 1.5574, test RMSE 1.3343
Epoch 1400: train RMSE 1.5573, test RMSE 1.3291
Epoch 1500: train RMSE 1.5570, test RMSE 1.3204
Epoch 1600: train RMSE 1.5570, test RMSE 1.3006
Epoch 1700: train RMSE 1.5571, test RMSE 1.3250
Epoch 1800: train RMSE 1.5566, test RMSE 1.3080
Epoch 1900: train RMSE 1.5569, test RMSE 1.3285
SETTING: 
MODEL_TYPE: simple LOOKBACK: 4 SPLIT_RATIO: 0.8 BATCH_SIZE: 8
Epoch 0: train RMSE 1.7003, test RMSE 1.7652
Epoch 100: train RMSE 1.2675, test RMSE 1.7731
Epoch 200: train RMSE 1.2148, test RMSE 1.8582
Epoch 300: train RMSE 1.1997, test RMSE 1.9080
Epoch 400: train RMSE 1.1948, test RMSE 1.9262
Epoch 500: train RMSE 1.1914, test RMSE 1.9432
Epoch 600: train RMSE 1.1900, test RMSE 1.9624
Epoch 700: train RMSE 1.1892, test RMSE 1.9681
Epoch 800: train RMSE 1.1884, test RMSE 1.9780
Epoch 900: train RMSE 1.1881, test RMSE 1.9806
Epoch 1000: train RMSE 1.1883, test RMSE 1.9843
Epoch 1100: train RMSE 1.1873, test RMSE 1.9953
Epoch 1200: train RMSE 1.1874, test RMSE 2.0020
Epoch 1300: train RMSE 1.1873, test RMSE 2.0044
Epoch 1400: train RMSE 1.1870, test RMSE 2.0077
Epoch 1500: train RMSE 1.1872, test RMSE 2.0115
Epoch 1600: train RMSE 1.1869, test RMSE 2.0066
Epoch 1700: train RMSE 1.1868, test RMSE 2.0103
Epoch 1800: train RMSE 1.1871, test RMSE 2.0025
Epoch 1900: train RMSE 1.1868, test RMSE 2.0092
SETTING: 
MODEL_TYPE: simple LOOKBACK: 4 SPLIT_RATIO: 0.85 BATCH_SIZE: 8
Epoch 0: train RMSE 1.2566, test RMSE 1.9185
Epoch 100: train RMSE 1.2024, test RMSE 1.9767
Epoch 200: train RMSE 1.2020, test RMSE 1.9655
Epoch 300: train RMSE 1.2013, test RMSE 1.9664
Epoch 400: train RMSE 1.2020, test RMSE 1.9529
Epoch 500: train RMSE 1.2011, test RMSE 1.9665
Epoch 600: train RMSE 1.2012, test RMSE 1.9639
Epoch 700: train RMSE 1.2010, test RMSE 1.9631
Epoch 800: train RMSE 1.2013, test RMSE 1.9685
Epoch 900: train RMSE 1.2013, test RMSE 1.9630
Epoch 1000: train RMSE 1.2010, test RMSE 1.9707
Epoch 1100: train RMSE 1.2012, test RMSE 1.9719
Epoch 1200: train RMSE 1.2011, test RMSE 1.9694
Epoch 1300: train RMSE 1.2009, test RMSE 1.9639
Epoch 1400: train RMSE 1.2009, test RMSE 1.9713
Epoch 1500: train RMSE 1.2008, test RMSE 1.9702
Epoch 1600: train RMSE 1.2016, test RMSE 1.9653
Epoch 1700: train RMSE 1.2008, test RMSE 1.9671
Epoch 1800: train RMSE 1.2009, test RMSE 1.9712
Epoch 1900: train RMSE 1.2009, test RMSE 1.9763
SETTING: 
MODEL_TYPE: simple LOOKBACK: 4 SPLIT_RATIO: 0.9 BATCH_SIZE: 8
Epoch 0: train RMSE 1.3047, test RMSE 1.3880
Epoch 100: train RMSE 1.2170, test RMSE 1.4108
Epoch 200: train RMSE 1.2160, test RMSE 1.4079
Epoch 300: train RMSE 1.2159, test RMSE 1.4068
Epoch 400: train RMSE 1.2154, test RMSE 1.4189
Epoch 500: train RMSE 1.2153, test RMSE 1.4102
Epoch 600: train RMSE 1.2155, test RMSE 1.4128
Epoch 700: train RMSE 1.2152, test RMSE 1.4126
Epoch 800: train RMSE 1.2152, test RMSE 1.3992
Epoch 900: train RMSE 1.2153, test RMSE 1.3979
Epoch 1000: train RMSE 1.2152, test RMSE 1.4062
Epoch 1100: train RMSE 1.2151, test RMSE 1.4066
Epoch 1200: train RMSE 1.2152, test RMSE 1.4033
Epoch 1300: train RMSE 1.2153, test RMSE 1.4068
Epoch 1400: train RMSE 1.2154, test RMSE 1.3927
Epoch 1500: train RMSE 1.2152, test RMSE 1.4050
Epoch 1600: train RMSE 1.2150, test RMSE 1.3958
Epoch 1700: train RMSE 1.2158, test RMSE 1.3828
Epoch 1800: train RMSE 1.2150, test RMSE 1.3910
Epoch 1900: train RMSE 1.2150, test RMSE 1.3915
SETTING: 
MODEL_TYPE: simple LOOKBACK: 6 SPLIT_RATIO: 0.8 BATCH_SIZE: 8
Epoch 0: train RMSE 1.3347, test RMSE 1.7102
Epoch 100: train RMSE 0.9994, test RMSE 1.7257
Epoch 200: train RMSE 0.9930, test RMSE 1.7565
Epoch 300: train RMSE 0.9905, test RMSE 1.7649
Epoch 400: train RMSE 0.9892, test RMSE 1.7507
Epoch 500: train RMSE 0.9889, test RMSE 1.7731
Epoch 600: train RMSE 0.9883, test RMSE 1.7803
Epoch 700: train RMSE 0.9889, test RMSE 1.7953
Epoch 800: train RMSE 0.9881, test RMSE 1.7978
Epoch 900: train RMSE 0.9881, test RMSE 1.8019
Epoch 1000: train RMSE 0.9880, test RMSE 1.8090
Epoch 1100: train RMSE 0.9886, test RMSE 1.8263
Epoch 1200: train RMSE 0.9884, test RMSE 1.8251
Epoch 1300: train RMSE 0.9877, test RMSE 1.8284
Epoch 1400: train RMSE 0.9879, test RMSE 1.8403
Epoch 1500: train RMSE 0.9878, test RMSE 1.8396
Epoch 1600: train RMSE 0.9875, test RMSE 1.8373
Epoch 1700: train RMSE 0.9876, test RMSE 1.8593
Epoch 1800: train RMSE 0.9877, test RMSE 1.8583
Epoch 1900: train RMSE 0.9879, test RMSE 1.8628
SETTING: 
MODEL_TYPE: simple LOOKBACK: 6 SPLIT_RATIO: 0.85 BATCH_SIZE: 8
Epoch 0: train RMSE 1.0637, test RMSE 1.8854
Epoch 100: train RMSE 1.0017, test RMSE 1.9298
Epoch 200: train RMSE 1.0008, test RMSE 1.9356
Epoch 300: train RMSE 1.0005, test RMSE 1.9310
Epoch 400: train RMSE 1.0006, test RMSE 1.9262
Epoch 500: train RMSE 1.0010, test RMSE 1.9315
Epoch 600: train RMSE 1.0010, test RMSE 1.9476
Epoch 700: train RMSE 1.0007, test RMSE 1.9421
Epoch 800: train RMSE 1.0006, test RMSE 1.9385
Epoch 900: train RMSE 1.0009, test RMSE 1.9361
Epoch 1000: train RMSE 1.0003, test RMSE 1.9404
Epoch 1100: train RMSE 1.0004, test RMSE 1.9394
Epoch 1200: train RMSE 1.0003, test RMSE 1.9351
Epoch 1300: train RMSE 1.0004, test RMSE 1.9392
Epoch 1400: train RMSE 1.0005, test RMSE 1.9420
Epoch 1500: train RMSE 1.0005, test RMSE 1.9514
Epoch 1600: train RMSE 1.0003, test RMSE 1.9383
Epoch 1700: train RMSE 1.0004, test RMSE 1.9502
Epoch 1800: train RMSE 1.0002, test RMSE 1.9471
Epoch 1900: train RMSE 1.0006, test RMSE 1.9482
SETTING: 
MODEL_TYPE: simple LOOKBACK: 6 SPLIT_RATIO: 0.9 BATCH_SIZE: 8
Epoch 0: train RMSE 1.0851, test RMSE 1.3623
Epoch 100: train RMSE 1.0051, test RMSE 1.3520
Epoch 200: train RMSE 1.0046, test RMSE 1.3455
Epoch 300: train RMSE 1.0042, test RMSE 1.3539
Epoch 400: train RMSE 1.0043, test RMSE 1.3654
Epoch 500: train RMSE 1.0040, test RMSE 1.3560
Epoch 600: train RMSE 1.0041, test RMSE 1.3594
Epoch 700: train RMSE 1.0039, test RMSE 1.3594
Epoch 800: train RMSE 1.0039, test RMSE 1.3573
Epoch 900: train RMSE 1.0040, test RMSE 1.3447
Epoch 1000: train RMSE 1.0038, test RMSE 1.3514
Epoch 1100: train RMSE 1.0041, test RMSE 1.3424
Epoch 1200: train RMSE 1.0040, test RMSE 1.3526
Epoch 1300: train RMSE 1.0038, test RMSE 1.3552
Epoch 1400: train RMSE 1.0040, test RMSE 1.3459
Epoch 1500: train RMSE 1.0039, test RMSE 1.3414
Epoch 1600: train RMSE 1.0041, test RMSE 1.3459
Epoch 1700: train RMSE 1.0038, test RMSE 1.3501
Epoch 1800: train RMSE 1.0042, test RMSE 1.3380
Epoch 1900: train RMSE 1.0039, test RMSE 1.3521
Processing: MNU_Smoothed
SETTING: 
MODEL_TYPE: simple LOOKBACK: 2 SPLIT_RATIO: 0.8 BATCH_SIZE: 8
Epoch 0: train RMSE 0.4769, test RMSE 0.3653
Epoch 100: train RMSE 0.4319, test RMSE 0.3853
Epoch 200: train RMSE 0.4289, test RMSE 0.3857
Epoch 300: train RMSE 0.4251, test RMSE 0.3833
Epoch 400: train RMSE 0.4213, test RMSE 0.3869
Epoch 500: train RMSE 0.4187, test RMSE 0.3828
Epoch 600: train RMSE 0.4173, test RMSE 0.3873
Epoch 700: train RMSE 0.4167, test RMSE 0.3864
Epoch 800: train RMSE 0.4165, test RMSE 0.3871
Epoch 900: train RMSE 0.4164, test RMSE 0.3875
Epoch 1000: train RMSE 0.4166, test RMSE 0.3871
Epoch 1100: train RMSE 0.4163, test RMSE 0.3875
Epoch 1200: train RMSE 0.4163, test RMSE 0.3847
Epoch 1300: train RMSE 0.4162, test RMSE 0.3877
Epoch 1400: train RMSE 0.4164, test RMSE 0.3841
Epoch 1500: train RMSE 0.4162, test RMSE 0.3849
Epoch 1600: train RMSE 0.4164, test RMSE 0.3895
Epoch 1700: train RMSE 0.4165, test RMSE 0.3914
Epoch 1800: train RMSE 0.4163, test RMSE 0.3887
Epoch 1900: train RMSE 0.4162, test RMSE 0.3853
SETTING: 
MODEL_TYPE: simple LOOKBACK: 2 SPLIT_RATIO: 0.85 BATCH_SIZE: 8
Epoch 0: train RMSE 0.4146, test RMSE 0.4000
Epoch 100: train RMSE 0.4136, test RMSE 0.3925
Epoch 200: train RMSE 0.4136, test RMSE 0.3918
Epoch 300: train RMSE 0.4135, test RMSE 0.3916
Epoch 400: train RMSE 0.4135, test RMSE 0.3911
Epoch 500: train RMSE 0.4134, test RMSE 0.3892
Epoch 600: train RMSE 0.4135, test RMSE 0.3874
Epoch 700: train RMSE 0.4134, test RMSE 0.3916
Epoch 800: train RMSE 0.4135, test RMSE 0.3867
Epoch 900: train RMSE 0.4133, test RMSE 0.3877
Epoch 1000: train RMSE 0.4133, test RMSE 0.3861
Epoch 1100: train RMSE 0.4133, test RMSE 0.3909
Epoch 1200: train RMSE 0.4132, test RMSE 0.3872
Epoch 1300: train RMSE 0.4133, test RMSE 0.3919
Epoch 1400: train RMSE 0.4131, test RMSE 0.3893
Epoch 1500: train RMSE 0.4131, test RMSE 0.3876
Epoch 1600: train RMSE 0.4131, test RMSE 0.3856
Epoch 1700: train RMSE 0.4130, test RMSE 0.3879
Epoch 1800: train RMSE 0.4130, test RMSE 0.3895
Epoch 1900: train RMSE 0.4130, test RMSE 0.3876
SETTING: 
MODEL_TYPE: simple LOOKBACK: 2 SPLIT_RATIO: 0.9 BATCH_SIZE: 8
Epoch 0: train RMSE 0.4142, test RMSE 0.3037
Epoch 100: train RMSE 0.4141, test RMSE 0.3020
Epoch 200: train RMSE 0.4141, test RMSE 0.3019
Epoch 300: train RMSE 0.4141, test RMSE 0.3011
Epoch 400: train RMSE 0.4140, test RMSE 0.3035
Epoch 500: train RMSE 0.4140, test RMSE 0.3038
Epoch 600: train RMSE 0.4140, test RMSE 0.3032
Epoch 700: train RMSE 0.4140, test RMSE 0.3032
Epoch 800: train RMSE 0.4140, test RMSE 0.3010
Epoch 900: train RMSE 0.4140, test RMSE 0.3047
Epoch 1000: train RMSE 0.4139, test RMSE 0.3007
Epoch 1100: train RMSE 0.4139, test RMSE 0.3013
Epoch 1200: train RMSE 0.4139, test RMSE 0.3000
Epoch 1300: train RMSE 0.4139, test RMSE 0.3028
Epoch 1400: train RMSE 0.4139, test RMSE 0.2999
Epoch 1500: train RMSE 0.4141, test RMSE 0.3044
Epoch 1600: train RMSE 0.4139, test RMSE 0.3023
Epoch 1700: train RMSE 0.4139, test RMSE 0.2990
Epoch 1800: train RMSE 0.4139, test RMSE 0.3036
Epoch 1900: train RMSE 0.4139, test RMSE 0.3018
SETTING: 
MODEL_TYPE: simple LOOKBACK: 4 SPLIT_RATIO: 0.8 BATCH_SIZE: 8
Epoch 0: train RMSE 0.4158, test RMSE 0.3907
Epoch 100: train RMSE 0.4090, test RMSE 0.4086
Epoch 200: train RMSE 0.4058, test RMSE 0.4210
Epoch 300: train RMSE 0.4045, test RMSE 0.4322
Epoch 400: train RMSE 0.4035, test RMSE 0.4445
Epoch 500: train RMSE 0.4028, test RMSE 0.4594
Epoch 600: train RMSE 0.4024, test RMSE 0.4669
Epoch 700: train RMSE 0.4023, test RMSE 0.4756
Epoch 800: train RMSE 0.4021, test RMSE 0.4836
Epoch 900: train RMSE 0.4018, test RMSE 0.4899
Epoch 1000: train RMSE 0.4018, test RMSE 0.4924
Epoch 1100: train RMSE 0.4026, test RMSE 0.4898
Epoch 1200: train RMSE 0.4018, test RMSE 0.4891
Epoch 1300: train RMSE 0.4016, test RMSE 0.4921
Epoch 1400: train RMSE 0.4018, test RMSE 0.4896
Epoch 1500: train RMSE 0.4016, test RMSE 0.4887
Epoch 1600: train RMSE 0.4016, test RMSE 0.4885
Epoch 1700: train RMSE 0.4017, test RMSE 0.4851
Epoch 1800: train RMSE 0.4016, test RMSE 0.4873
Epoch 1900: train RMSE 0.4016, test RMSE 0.4846
SETTING: 
MODEL_TYPE: simple LOOKBACK: 4 SPLIT_RATIO: 0.85 BATCH_SIZE: 8
Epoch 0: train RMSE 0.4181, test RMSE 0.5110
Epoch 100: train RMSE 0.4023, test RMSE 0.4022
Epoch 200: train RMSE 0.4018, test RMSE 0.4030
Epoch 300: train RMSE 0.4016, test RMSE 0.4012
Epoch 400: train RMSE 0.4013, test RMSE 0.4031
Epoch 500: train RMSE 0.4009, test RMSE 0.4026
Epoch 600: train RMSE 0.4003, test RMSE 0.4019
Epoch 700: train RMSE 0.4002, test RMSE 0.4013
Epoch 800: train RMSE 0.4001, test RMSE 0.4022
Epoch 900: train RMSE 0.4001, test RMSE 0.4000
Epoch 1000: train RMSE 0.4001, test RMSE 0.4016
Epoch 1100: train RMSE 0.4000, test RMSE 0.4031
Epoch 1200: train RMSE 0.4000, test RMSE 0.4015
Epoch 1300: train RMSE 0.4001, test RMSE 0.4028
Epoch 1400: train RMSE 0.4000, test RMSE 0.4008
Epoch 1500: train RMSE 0.4000, test RMSE 0.4011
Epoch 1600: train RMSE 0.4001, test RMSE 0.4046
Epoch 1700: train RMSE 0.3999, test RMSE 0.4026
Epoch 1800: train RMSE 0.3999, test RMSE 0.4017
Epoch 1900: train RMSE 0.4000, test RMSE 0.4033
SETTING: 
MODEL_TYPE: simple LOOKBACK: 4 SPLIT_RATIO: 0.9 BATCH_SIZE: 8
Epoch 0: train RMSE 0.4017, test RMSE 0.3205
Epoch 100: train RMSE 0.4015, test RMSE 0.3221
Epoch 200: train RMSE 0.4015, test RMSE 0.3208
Epoch 300: train RMSE 0.4015, test RMSE 0.3211
Epoch 400: train RMSE 0.4015, test RMSE 0.3214
Epoch 500: train RMSE 0.4014, test RMSE 0.3211
Epoch 600: train RMSE 0.4014, test RMSE 0.3197
Epoch 700: train RMSE 0.4015, test RMSE 0.3206
Epoch 800: train RMSE 0.4015, test RMSE 0.3194
Epoch 900: train RMSE 0.4015, test RMSE 0.3198
Epoch 1000: train RMSE 0.4015, test RMSE 0.3222
Epoch 1100: train RMSE 0.4014, test RMSE 0.3192
Epoch 1200: train RMSE 0.4014, test RMSE 0.3218
Epoch 1300: train RMSE 0.4014, test RMSE 0.3190
Epoch 1400: train RMSE 0.4014, test RMSE 0.3216
Epoch 1500: train RMSE 0.4015, test RMSE 0.3184
Epoch 1600: train RMSE 0.4014, test RMSE 0.3211
Epoch 1700: train RMSE 0.4015, test RMSE 0.3204
Epoch 1800: train RMSE 0.4015, test RMSE 0.3216
Epoch 1900: train RMSE 0.4014, test RMSE 0.3199
SETTING: 
MODEL_TYPE: simple LOOKBACK: 6 SPLIT_RATIO: 0.8 BATCH_SIZE: 8
Epoch 0: train RMSE 0.4044, test RMSE 0.3992
Epoch 100: train RMSE 0.3804, test RMSE 0.4160
Epoch 200: train RMSE 0.3763, test RMSE 0.4262
Epoch 300: train RMSE 0.3755, test RMSE 0.4293
Epoch 400: train RMSE 0.3753, test RMSE 0.4311
Epoch 500: train RMSE 0.3753, test RMSE 0.4298
Epoch 600: train RMSE 0.3752, test RMSE 0.4307
Epoch 700: train RMSE 0.3753, test RMSE 0.4290
Epoch 800: train RMSE 0.3752, test RMSE 0.4299
Epoch 900: train RMSE 0.3751, test RMSE 0.4301
Epoch 1000: train RMSE 0.3751, test RMSE 0.4285
Epoch 1100: train RMSE 0.3751, test RMSE 0.4305
Epoch 1200: train RMSE 0.3751, test RMSE 0.4317
Epoch 1300: train RMSE 0.3750, test RMSE 0.4289
Epoch 1400: train RMSE 0.3751, test RMSE 0.4304
Epoch 1500: train RMSE 0.3750, test RMSE 0.4288
Epoch 1600: train RMSE 0.3751, test RMSE 0.4271
Epoch 1700: train RMSE 0.3750, test RMSE 0.4289
Epoch 1800: train RMSE 0.3752, test RMSE 0.4310
Epoch 1900: train RMSE 0.3751, test RMSE 0.4282
SETTING: 
MODEL_TYPE: simple LOOKBACK: 6 SPLIT_RATIO: 0.85 BATCH_SIZE: 8
Epoch 0: train RMSE 0.3737, test RMSE 0.4359
Epoch 100: train RMSE 0.3722, test RMSE 0.4243
Epoch 200: train RMSE 0.3721, test RMSE 0.4229
Epoch 300: train RMSE 0.3720, test RMSE 0.4248
Epoch 400: train RMSE 0.3720, test RMSE 0.4246
Epoch 500: train RMSE 0.3720, test RMSE 0.4232
Epoch 600: train RMSE 0.3720, test RMSE 0.4262
Epoch 700: train RMSE 0.3720, test RMSE 0.4264
Epoch 800: train RMSE 0.3720, test RMSE 0.4257
Epoch 900: train RMSE 0.3720, test RMSE 0.4276
Epoch 1000: train RMSE 0.3720, test RMSE 0.4286
Epoch 1100: train RMSE 0.3720, test RMSE 0.4274
Epoch 1200: train RMSE 0.3720, test RMSE 0.4277
Epoch 1300: train RMSE 0.3720, test RMSE 0.4273
Epoch 1400: train RMSE 0.3720, test RMSE 0.4280
Epoch 1500: train RMSE 0.3719, test RMSE 0.4269
Epoch 1600: train RMSE 0.3720, test RMSE 0.4304
Epoch 1700: train RMSE 0.3720, test RMSE 0.4265
Epoch 1800: train RMSE 0.3720, test RMSE 0.4303
Epoch 1900: train RMSE 0.3720, test RMSE 0.4282
SETTING: 
MODEL_TYPE: simple LOOKBACK: 6 SPLIT_RATIO: 0.9 BATCH_SIZE: 8
Epoch 0: train RMSE 0.3750, test RMSE 0.3474
Epoch 100: train RMSE 0.3745, test RMSE 0.3483
Epoch 200: train RMSE 0.3745, test RMSE 0.3467
Epoch 300: train RMSE 0.3745, test RMSE 0.3469
Epoch 400: train RMSE 0.3745, test RMSE 0.3460
Epoch 500: train RMSE 0.3745, test RMSE 0.3483
Epoch 600: train RMSE 0.3745, test RMSE 0.3455
Epoch 700: train RMSE 0.3745, test RMSE 0.3451
Epoch 800: train RMSE 0.3745, test RMSE 0.3468
Epoch 900: train RMSE 0.3745, test RMSE 0.3449
Epoch 1000: train RMSE 0.3745, test RMSE 0.3437
Epoch 1100: train RMSE 0.3745, test RMSE 0.3463
Epoch 1200: train RMSE 0.3745, test RMSE 0.3449
Epoch 1300: train RMSE 0.3745, test RMSE 0.3465
Epoch 1400: train RMSE 0.3745, test RMSE 0.3506
Epoch 1500: train RMSE 0.3745, test RMSE 0.3509
Epoch 1600: train RMSE 0.3745, test RMSE 0.3492
Epoch 1700: train RMSE 0.3745, test RMSE 0.3446
Epoch 1800: train RMSE 0.3745, test RMSE 0.3507
Epoch 1900: train RMSE 0.3745, test RMSE 0.3467
Processing: ONU_Smoothed
SETTING: 
MODEL_TYPE: simple LOOKBACK: 2 SPLIT_RATIO: 0.8 BATCH_SIZE: 8
Epoch 0: train RMSE 1.6865, test RMSE 1.7973
Epoch 100: train RMSE 1.1943, test RMSE 1.1425
Epoch 200: train RMSE 1.1894, test RMSE 1.1316
Epoch 300: train RMSE 1.1805, test RMSE 1.1282
Epoch 400: train RMSE 1.1685, test RMSE 1.1431
Epoch 500: train RMSE 1.1557, test RMSE 1.1637
Epoch 600: train RMSE 1.1423, test RMSE 1.1740
Epoch 700: train RMSE 1.1357, test RMSE 1.1872
Epoch 800: train RMSE 1.1321, test RMSE 1.1958
Epoch 900: train RMSE 1.1300, test RMSE 1.2046
Epoch 1000: train RMSE 1.1292, test RMSE 1.2070
Epoch 1100: train RMSE 1.1265, test RMSE 1.2077
Epoch 1200: train RMSE 1.1245, test RMSE 1.2075
Epoch 1300: train RMSE 1.1235, test RMSE 1.2065
Epoch 1400: train RMSE 1.1206, test RMSE 1.2164
Epoch 1500: train RMSE 1.1178, test RMSE 1.2131
Epoch 1600: train RMSE 1.1166, test RMSE 1.2096
Epoch 1700: train RMSE 1.1132, test RMSE 1.2196
Epoch 1800: train RMSE 1.1109, test RMSE 1.2132
Epoch 1900: train RMSE 1.1095, test RMSE 1.2200
SETTING: 
MODEL_TYPE: simple LOOKBACK: 2 SPLIT_RATIO: 0.85 BATCH_SIZE: 8
Epoch 0: train RMSE 1.1279, test RMSE 1.2243
Epoch 100: train RMSE 1.1229, test RMSE 1.2474
Epoch 200: train RMSE 1.1216, test RMSE 1.2597
Epoch 300: train RMSE 1.1209, test RMSE 1.2656
Epoch 400: train RMSE 1.1198, test RMSE 1.2684
Epoch 500: train RMSE 1.1195, test RMSE 1.2786
Epoch 600: train RMSE 1.1187, test RMSE 1.2731
Epoch 700: train RMSE 1.1179, test RMSE 1.2893
Epoch 800: train RMSE 1.1173, test RMSE 1.2836
Epoch 900: train RMSE 1.1169, test RMSE 1.2861
Epoch 1000: train RMSE 1.1168, test RMSE 1.2917
Epoch 1100: train RMSE 1.1163, test RMSE 1.2911
Epoch 1200: train RMSE 1.1162, test RMSE 1.3023
Epoch 1300: train RMSE 1.1158, test RMSE 1.3010
Epoch 1400: train RMSE 1.1161, test RMSE 1.2956
Epoch 1500: train RMSE 1.1152, test RMSE 1.3028
Epoch 1600: train RMSE 1.1154, test RMSE 1.3089
Epoch 1700: train RMSE 1.1151, test RMSE 1.3002
Epoch 1800: train RMSE 1.1148, test RMSE 1.3086
Epoch 1900: train RMSE 1.1144, test RMSE 1.3029
SETTING: 
MODEL_TYPE: simple LOOKBACK: 2 SPLIT_RATIO: 0.9 BATCH_SIZE: 8
Epoch 0: train RMSE 1.1138, test RMSE 1.3162
Epoch 100: train RMSE 1.1089, test RMSE 1.2832
Epoch 200: train RMSE 1.1086, test RMSE 1.2850
Epoch 300: train RMSE 1.1084, test RMSE 1.2913
Epoch 400: train RMSE 1.1083, test RMSE 1.2776
Epoch 500: train RMSE 1.1088, test RMSE 1.3010
Epoch 600: train RMSE 1.1079, test RMSE 1.2909
Epoch 700: train RMSE 1.1078, test RMSE 1.2909
Epoch 800: train RMSE 1.1077, test RMSE 1.2999
Epoch 900: train RMSE 1.1076, test RMSE 1.2973
Epoch 1000: train RMSE 1.1083, test RMSE 1.3021
Epoch 1100: train RMSE 1.1074, test RMSE 1.3021
Epoch 1200: train RMSE 1.1072, test RMSE 1.2881
Epoch 1300: train RMSE 1.1073, test RMSE 1.2846
Epoch 1400: train RMSE 1.1073, test RMSE 1.3056
Epoch 1500: train RMSE 1.1069, test RMSE 1.2990
Epoch 1600: train RMSE 1.1067, test RMSE 1.2889
Epoch 1700: train RMSE 1.1066, test RMSE 1.2967
Epoch 1800: train RMSE 1.1066, test RMSE 1.3042
Epoch 1900: train RMSE 1.1063, test RMSE 1.2959
SETTING: 
MODEL_TYPE: simple LOOKBACK: 4 SPLIT_RATIO: 0.8 BATCH_SIZE: 8
Epoch 0: train RMSE 1.2581, test RMSE 1.5234
Epoch 100: train RMSE 1.0070, test RMSE 1.2790
Epoch 200: train RMSE 0.9755, test RMSE 1.2876
Epoch 300: train RMSE 0.9661, test RMSE 1.2984
Epoch 400: train RMSE 0.9603, test RMSE 1.3073
Epoch 500: train RMSE 0.9578, test RMSE 1.3018
Epoch 600: train RMSE 0.9566, test RMSE 1.3044
Epoch 700: train RMSE 0.9553, test RMSE 1.3000
Epoch 800: train RMSE 0.9553, test RMSE 1.2995
Epoch 900: train RMSE 0.9551, test RMSE 1.3011
Epoch 1000: train RMSE 0.9543, test RMSE 1.3056
Epoch 1100: train RMSE 0.9541, test RMSE 1.3095
Epoch 1200: train RMSE 0.9541, test RMSE 1.3058
Epoch 1300: train RMSE 0.9535, test RMSE 1.3032
Epoch 1400: train RMSE 0.9532, test RMSE 1.3077
Epoch 1500: train RMSE 0.9530, test RMSE 1.3151
Epoch 1600: train RMSE 0.9528, test RMSE 1.3158
Epoch 1700: train RMSE 0.9527, test RMSE 1.3194
Epoch 1800: train RMSE 0.9525, test RMSE 1.3238
Epoch 1900: train RMSE 0.9523, test RMSE 1.3253
SETTING: 
MODEL_TYPE: simple LOOKBACK: 4 SPLIT_RATIO: 0.85 BATCH_SIZE: 8
Epoch 0: train RMSE 0.9798, test RMSE 1.2703
Epoch 100: train RMSE 0.9629, test RMSE 1.2916
Epoch 200: train RMSE 0.9619, test RMSE 1.2939
Epoch 300: train RMSE 0.9620, test RMSE 1.2971
Epoch 400: train RMSE 0.9615, test RMSE 1.2963
Epoch 500: train RMSE 0.9612, test RMSE 1.2909
Epoch 600: train RMSE 0.9609, test RMSE 1.2890
Epoch 700: train RMSE 0.9610, test RMSE 1.2895
Epoch 800: train RMSE 0.9609, test RMSE 1.2959
Epoch 900: train RMSE 0.9607, test RMSE 1.2961
Epoch 1000: train RMSE 0.9606, test RMSE 1.2881
Epoch 1100: train RMSE 0.9606, test RMSE 1.2903
Epoch 1200: train RMSE 0.9603, test RMSE 1.2908
Epoch 1300: train RMSE 0.9600, test RMSE 1.2885
Epoch 1400: train RMSE 0.9600, test RMSE 1.2861
Epoch 1500: train RMSE 0.9598, test RMSE 1.2930
Epoch 1600: train RMSE 0.9599, test RMSE 1.2941
Epoch 1700: train RMSE 0.9601, test RMSE 1.2927
Epoch 1800: train RMSE 0.9594, test RMSE 1.2933
Epoch 1900: train RMSE 0.9594, test RMSE 1.2977
SETTING: 
MODEL_TYPE: simple LOOKBACK: 4 SPLIT_RATIO: 0.9 BATCH_SIZE: 8
Epoch 0: train RMSE 0.9887, test RMSE 1.1893
Epoch 100: train RMSE 0.9595, test RMSE 1.2131
Epoch 200: train RMSE 0.9589, test RMSE 1.2221
Epoch 300: train RMSE 0.9585, test RMSE 1.2315
Epoch 400: train RMSE 0.9587, test RMSE 1.2260
Epoch 500: train RMSE 0.9584, test RMSE 1.2258
Epoch 600: train RMSE 0.9587, test RMSE 1.2330
Epoch 700: train RMSE 0.9583, test RMSE 1.2345
Epoch 800: train RMSE 0.9582, test RMSE 1.2381
Epoch 900: train RMSE 0.9581, test RMSE 1.2331
Epoch 1000: train RMSE 0.9582, test RMSE 1.2325
Epoch 1100: train RMSE 0.9580, test RMSE 1.2300
Epoch 1200: train RMSE 0.9578, test RMSE 1.2357
Epoch 1300: train RMSE 0.9575, test RMSE 1.2356
Epoch 1400: train RMSE 0.9576, test RMSE 1.2403
Epoch 1500: train RMSE 0.9576, test RMSE 1.2320
Epoch 1600: train RMSE 0.9578, test RMSE 1.2412
Epoch 1700: train RMSE 0.9574, test RMSE 1.2381
Epoch 1800: train RMSE 0.9573, test RMSE 1.2381
Epoch 1900: train RMSE 0.9572, test RMSE 1.2455
SETTING: 
MODEL_TYPE: simple LOOKBACK: 6 SPLIT_RATIO: 0.8 BATCH_SIZE: 8
Epoch 0: train RMSE 0.9830, test RMSE 1.2375
Epoch 100: train RMSE 0.8262, test RMSE 1.3637
Epoch 200: train RMSE 0.8144, test RMSE 1.4255
Epoch 300: train RMSE 0.8115, test RMSE 1.4695
Epoch 400: train RMSE 0.8102, test RMSE 1.4905
Epoch 500: train RMSE 0.8094, test RMSE 1.4831
Epoch 600: train RMSE 0.8094, test RMSE 1.4857
Epoch 700: train RMSE 0.8090, test RMSE 1.4853
Epoch 800: train RMSE 0.8092, test RMSE 1.4815
Epoch 900: train RMSE 0.8090, test RMSE 1.4816
Epoch 1000: train RMSE 0.8090, test RMSE 1.4843
Epoch 1100: train RMSE 0.8092, test RMSE 1.4764
Epoch 1200: train RMSE 0.8085, test RMSE 1.4735
Epoch 1300: train RMSE 0.8085, test RMSE 1.4687
Epoch 1400: train RMSE 0.8087, test RMSE 1.4781
Epoch 1500: train RMSE 0.8089, test RMSE 1.4703
Epoch 1600: train RMSE 0.8085, test RMSE 1.4649
Epoch 1700: train RMSE 0.8085, test RMSE 1.4613
Epoch 1800: train RMSE 0.8084, test RMSE 1.4629
Epoch 1900: train RMSE 0.8085, test RMSE 1.4561
SETTING: 
MODEL_TYPE: simple LOOKBACK: 6 SPLIT_RATIO: 0.85 BATCH_SIZE: 8
Epoch 0: train RMSE 0.8458, test RMSE 1.4271
Epoch 100: train RMSE 0.8096, test RMSE 1.4259
Epoch 200: train RMSE 0.8084, test RMSE 1.4061
Epoch 300: train RMSE 0.8082, test RMSE 1.3976
Epoch 400: train RMSE 0.8081, test RMSE 1.3987
Epoch 500: train RMSE 0.8079, test RMSE 1.3924
Epoch 600: train RMSE 0.8079, test RMSE 1.3892
Epoch 700: train RMSE 0.8082, test RMSE 1.3891
Epoch 800: train RMSE 0.8078, test RMSE 1.3882
Epoch 900: train RMSE 0.8078, test RMSE 1.3881
Epoch 1000: train RMSE 0.8078, test RMSE 1.3858
Epoch 1100: train RMSE 0.8075, test RMSE 1.3846
Epoch 1200: train RMSE 0.8079, test RMSE 1.3872
Epoch 1300: train RMSE 0.8076, test RMSE 1.3841
Epoch 1400: train RMSE 0.8074, test RMSE 1.3806
Epoch 1500: train RMSE 0.8073, test RMSE 1.3867
Epoch 1600: train RMSE 0.8073, test RMSE 1.3864
Epoch 1700: train RMSE 0.8072, test RMSE 1.3863
Epoch 1800: train RMSE 0.8073, test RMSE 1.3831
Epoch 1900: train RMSE 0.8073, test RMSE 1.3863
SETTING: 
MODEL_TYPE: simple LOOKBACK: 6 SPLIT_RATIO: 0.9 BATCH_SIZE: 8
Epoch 0: train RMSE 0.8394, test RMSE 1.3597
Epoch 100: train RMSE 0.8130, test RMSE 1.5266
Epoch 200: train RMSE 0.8125, test RMSE 1.5245
Epoch 300: train RMSE 0.8121, test RMSE 1.5314
Epoch 400: train RMSE 0.8121, test RMSE 1.5387
Epoch 500: train RMSE 0.8121, test RMSE 1.5267
Epoch 600: train RMSE 0.8120, test RMSE 1.5110
Epoch 700: train RMSE 0.8119, test RMSE 1.5219
Epoch 800: train RMSE 0.8118, test RMSE 1.5115
Epoch 900: train RMSE 0.8118, test RMSE 1.5109
Epoch 1000: train RMSE 0.8119, test RMSE 1.5072
Epoch 1100: train RMSE 0.8118, test RMSE 1.5106
Epoch 1200: train RMSE 0.8116, test RMSE 1.5081
Epoch 1300: train RMSE 0.8119, test RMSE 1.5143
Epoch 1400: train RMSE 0.8116, test RMSE 1.5077
Epoch 1500: train RMSE 0.8117, test RMSE 1.5059
Epoch 1600: train RMSE 0.8115, test RMSE 1.5123
Epoch 1700: train RMSE 0.8115, test RMSE 1.5093
Epoch 1800: train RMSE 0.8117, test RMSE 1.4978
Epoch 1900: train RMSE 0.8114, test RMSE 1.5098
