Processing: MF_Smoothed
SETTING: 
MODEL_TYPE: complex LOOKBACK: 2 SPLIT_RATIO: 0.8 BATCH_SIZE: 8
Epoch 0: train RMSE 2.3158, test RMSE 1.6622
Epoch 100: train RMSE 1.6590, test RMSE 1.6832
Epoch 200: train RMSE 1.6562, test RMSE 1.6137
Epoch 300: train RMSE 1.6038, test RMSE 1.7139
Epoch 400: train RMSE 1.6387, test RMSE 1.6869
Epoch 500: train RMSE 1.5668, test RMSE 1.7528
Epoch 600: train RMSE 1.5328, test RMSE 1.7979
Epoch 700: train RMSE 1.4941, test RMSE 1.8069
Epoch 800: train RMSE 1.4767, test RMSE 1.7560
Epoch 900: train RMSE 1.4735, test RMSE 1.7889
Epoch 1000: train RMSE 1.4736, test RMSE 1.7702
Epoch 1100: train RMSE 1.4933, test RMSE 1.7117
Epoch 1200: train RMSE 1.5270, test RMSE 1.8427
Epoch 1300: train RMSE 1.4771, test RMSE 1.8076
Epoch 1400: train RMSE 1.4723, test RMSE 1.8102
Epoch 1500: train RMSE 1.4729, test RMSE 1.8116
Epoch 1600: train RMSE 1.5703, test RMSE 1.7602
Epoch 1700: train RMSE 1.4713, test RMSE 1.7754
Epoch 1800: train RMSE 1.4769, test RMSE 1.7499
Epoch 1900: train RMSE 1.4710, test RMSE 1.7945
SETTING: 
MODEL_TYPE: complex LOOKBACK: 2 SPLIT_RATIO: 0.85 BATCH_SIZE: 8
Epoch 0: train RMSE 1.5070, test RMSE 1.7828
Epoch 100: train RMSE 1.4934, test RMSE 1.7611
Epoch 200: train RMSE 1.4966, test RMSE 1.7867
Epoch 300: train RMSE 1.4929, test RMSE 1.7505
Epoch 400: train RMSE 1.5194, test RMSE 1.7210
Epoch 500: train RMSE 1.4961, test RMSE 1.7485
Epoch 600: train RMSE 1.4927, test RMSE 1.7434
Epoch 700: train RMSE 1.4924, test RMSE 1.7509
Epoch 800: train RMSE 1.4941, test RMSE 1.7580
Epoch 900: train RMSE 1.5191, test RMSE 1.7983
Epoch 1000: train RMSE 1.4927, test RMSE 1.7525
Epoch 1100: train RMSE 1.4980, test RMSE 1.8039
Epoch 1200: train RMSE 1.5010, test RMSE 1.7873
Epoch 1300: train RMSE 1.4924, test RMSE 1.7580
Epoch 1400: train RMSE 1.4884, test RMSE 1.7639
Epoch 1500: train RMSE 1.5276, test RMSE 1.7607
Epoch 1600: train RMSE 1.4885, test RMSE 1.7786
Epoch 1700: train RMSE 1.4890, test RMSE 1.7755
Epoch 1800: train RMSE 1.4882, test RMSE 1.7734
Epoch 1900: train RMSE 1.5204, test RMSE 1.7548
SETTING: 
MODEL_TYPE: complex LOOKBACK: 2 SPLIT_RATIO: 0.9 BATCH_SIZE: 8
Epoch 0: train RMSE 1.5066, test RMSE 1.6616
Epoch 100: train RMSE 1.4988, test RMSE 1.6826
Epoch 200: train RMSE 1.5267, test RMSE 1.7020
Epoch 300: train RMSE 1.4988, test RMSE 1.6747
Epoch 400: train RMSE 1.4988, test RMSE 1.6809
Epoch 500: train RMSE 1.4998, test RMSE 1.6592
Epoch 600: train RMSE 1.4988, test RMSE 1.6775
Epoch 700: train RMSE 1.4991, test RMSE 1.6646
Epoch 800: train RMSE 1.5174, test RMSE 1.6687
Epoch 900: train RMSE 1.5854, test RMSE 1.6138
Epoch 1000: train RMSE 1.5004, test RMSE 1.6819
Epoch 1100: train RMSE 1.4988, test RMSE 1.6803
Epoch 1200: train RMSE 1.4995, test RMSE 1.6848
Epoch 1300: train RMSE 1.5867, test RMSE 1.5535
Epoch 1400: train RMSE 1.4991, test RMSE 1.6725
Epoch 1500: train RMSE 1.5350, test RMSE 1.6880
Epoch 1600: train RMSE 1.4992, test RMSE 1.6709
Epoch 1700: train RMSE 1.5026, test RMSE 1.6643
Epoch 1800: train RMSE 1.4991, test RMSE 1.6831
Epoch 1900: train RMSE 1.4987, test RMSE 1.6839
SETTING: 
MODEL_TYPE: complex LOOKBACK: 4 SPLIT_RATIO: 0.8 BATCH_SIZE: 8
Epoch 0: train RMSE 1.5836, test RMSE 1.6680
Epoch 100: train RMSE 1.1389, test RMSE 1.9560
Epoch 200: train RMSE 1.1966, test RMSE 1.9504
Epoch 300: train RMSE 1.1373, test RMSE 1.9523
Epoch 400: train RMSE 1.1361, test RMSE 1.9350
Epoch 500: train RMSE 1.1359, test RMSE 1.9986
Epoch 600: train RMSE 1.1359, test RMSE 1.9789
Epoch 700: train RMSE 1.1361, test RMSE 1.9727
Epoch 800: train RMSE 1.1358, test RMSE 1.9862
Epoch 900: train RMSE 1.1358, test RMSE 1.9575
Epoch 1000: train RMSE 1.1533, test RMSE 1.9611
Epoch 1100: train RMSE 1.1359, test RMSE 1.9633
Epoch 1200: train RMSE 1.1357, test RMSE 1.9697
Epoch 1300: train RMSE 1.1355, test RMSE 1.9790
Epoch 1400: train RMSE 1.1360, test RMSE 2.0181
Epoch 1500: train RMSE 1.1358, test RMSE 1.9938
Epoch 1600: train RMSE 1.1355, test RMSE 1.9942
Epoch 1700: train RMSE 1.1356, test RMSE 1.9749
Epoch 1800: train RMSE 1.1356, test RMSE 1.9887
Epoch 1900: train RMSE 1.2321, test RMSE 1.9679
SETTING: 
MODEL_TYPE: complex LOOKBACK: 4 SPLIT_RATIO: 0.85 BATCH_SIZE: 8
Epoch 0: train RMSE 1.2091, test RMSE 1.9897
Epoch 100: train RMSE 1.1591, test RMSE 1.9809
Epoch 200: train RMSE 1.1590, test RMSE 1.9170
Epoch 300: train RMSE 1.1590, test RMSE 1.9268
Epoch 400: train RMSE 1.2045, test RMSE 1.9006
Epoch 500: train RMSE 1.1595, test RMSE 1.9748
Epoch 600: train RMSE 1.1594, test RMSE 1.9594
Epoch 700: train RMSE 1.1942, test RMSE 1.9628
Epoch 800: train RMSE 1.1590, test RMSE 1.9187
Epoch 900: train RMSE 1.1588, test RMSE 1.9157
Epoch 1000: train RMSE 1.1590, test RMSE 1.9196
Epoch 1100: train RMSE 1.1589, test RMSE 1.9292
Epoch 1200: train RMSE 1.1859, test RMSE 1.8873
Epoch 1300: train RMSE 1.1589, test RMSE 1.8729
Epoch 1400: train RMSE 1.1590, test RMSE 1.8693
Epoch 1500: train RMSE 1.1589, test RMSE 1.8725
Epoch 1600: train RMSE 1.1589, test RMSE 1.8504
Epoch 1700: train RMSE 1.1589, test RMSE 1.8651
Epoch 1800: train RMSE 1.1588, test RMSE 1.8825
Epoch 1900: train RMSE 1.1589, test RMSE 1.9082
SETTING: 
MODEL_TYPE: complex LOOKBACK: 4 SPLIT_RATIO: 0.9 BATCH_SIZE: 8
Epoch 0: train RMSE 1.2119, test RMSE 1.9286
Epoch 100: train RMSE 1.1728, test RMSE 1.9114
Epoch 200: train RMSE 1.1728, test RMSE 1.9083
Epoch 300: train RMSE 1.1727, test RMSE 1.8495
Epoch 400: train RMSE 1.1727, test RMSE 1.8527
Epoch 500: train RMSE 1.1787, test RMSE 1.9699
Epoch 600: train RMSE 1.1727, test RMSE 2.0018
Epoch 700: train RMSE 1.1727, test RMSE 1.9921
Epoch 800: train RMSE 1.1726, test RMSE 1.9882
Epoch 900: train RMSE 1.1867, test RMSE 1.9753
Epoch 1000: train RMSE 1.1727, test RMSE 2.0013
Epoch 1100: train RMSE 1.1726, test RMSE 2.0116
Epoch 1200: train RMSE 1.1726, test RMSE 2.0063
Epoch 1300: train RMSE 1.1726, test RMSE 2.0002
Epoch 1400: train RMSE 1.1728, test RMSE 2.0357
Epoch 1500: train RMSE 1.1726, test RMSE 2.0252
Epoch 1600: train RMSE 1.1731, test RMSE 1.8924
Epoch 1700: train RMSE 1.1728, test RMSE 1.9157
Epoch 1800: train RMSE 1.1726, test RMSE 1.9153
Epoch 1900: train RMSE 1.1803, test RMSE 2.0642
SETTING: 
MODEL_TYPE: complex LOOKBACK: 6 SPLIT_RATIO: 0.8 BATCH_SIZE: 8
Epoch 0: train RMSE 1.1634, test RMSE 1.6799
Epoch 100: train RMSE 0.9337, test RMSE 1.8593
Epoch 200: train RMSE 0.9300, test RMSE 1.8672
Epoch 300: train RMSE 0.9298, test RMSE 1.9119
Epoch 400: train RMSE 0.9298, test RMSE 1.8925
Epoch 500: train RMSE 0.9296, test RMSE 1.8299
Epoch 600: train RMSE 0.9296, test RMSE 1.8251
Epoch 700: train RMSE 0.9297, test RMSE 1.8309
Epoch 800: train RMSE 0.9296, test RMSE 1.8437
Epoch 900: train RMSE 0.9295, test RMSE 1.8440
Epoch 1000: train RMSE 0.9297, test RMSE 1.8464
Epoch 1100: train RMSE 0.9296, test RMSE 1.8263
Epoch 1200: train RMSE 0.9296, test RMSE 1.8376
Epoch 1300: train RMSE 0.9297, test RMSE 1.8562
Epoch 1400: train RMSE 0.9298, test RMSE 1.8499
Epoch 1500: train RMSE 0.9296, test RMSE 1.8580
Epoch 1600: train RMSE 0.9327, test RMSE 1.8465
Epoch 1700: train RMSE 0.9301, test RMSE 1.8432
Epoch 1800: train RMSE 0.9298, test RMSE 1.8245
Epoch 1900: train RMSE 0.9319, test RMSE 1.8028
SETTING: 
MODEL_TYPE: complex LOOKBACK: 6 SPLIT_RATIO: 0.85 BATCH_SIZE: 8
Epoch 0: train RMSE 1.0082, test RMSE 1.8633
Epoch 100: train RMSE 0.9433, test RMSE 1.9351
Epoch 200: train RMSE 0.9471, test RMSE 1.9067
Epoch 300: train RMSE 0.9441, test RMSE 1.9241
Epoch 400: train RMSE 0.9435, test RMSE 1.9274
Epoch 500: train RMSE 0.9433, test RMSE 1.9290
Epoch 600: train RMSE 0.9432, test RMSE 1.9363
Epoch 700: train RMSE 0.9431, test RMSE 1.9382
Epoch 800: train RMSE 0.9431, test RMSE 1.9401
Epoch 900: train RMSE 0.9432, test RMSE 1.8859
Epoch 1000: train RMSE 0.9431, test RMSE 1.8902
Epoch 1100: train RMSE 0.9432, test RMSE 1.8944
Epoch 1200: train RMSE 0.9433, test RMSE 1.8874
Epoch 1300: train RMSE 0.9434, test RMSE 1.8958
Epoch 1400: train RMSE 0.9431, test RMSE 1.8422
Epoch 1500: train RMSE 0.9431, test RMSE 1.8444
Epoch 1600: train RMSE 0.9432, test RMSE 1.8431
Epoch 1700: train RMSE 0.9431, test RMSE 1.8389
Epoch 1800: train RMSE 0.9451, test RMSE 1.7924
Epoch 1900: train RMSE 0.9433, test RMSE 1.8022
SETTING: 
MODEL_TYPE: complex LOOKBACK: 6 SPLIT_RATIO: 0.9 BATCH_SIZE: 8
Epoch 0: train RMSE 0.9860, test RMSE 1.8273
Epoch 100: train RMSE 0.9583, test RMSE 1.8758
Epoch 200: train RMSE 0.9628, test RMSE 1.8840
Epoch 300: train RMSE 0.9581, test RMSE 1.8844
Epoch 400: train RMSE 0.9581, test RMSE 1.9017
Epoch 500: train RMSE 0.9581, test RMSE 1.8872
Epoch 600: train RMSE 0.9582, test RMSE 1.9000
Epoch 700: train RMSE 0.9580, test RMSE 1.8708
Epoch 800: train RMSE 0.9586, test RMSE 1.8512
Epoch 900: train RMSE 0.9581, test RMSE 1.8851
Epoch 1000: train RMSE 0.9581, test RMSE 1.8913
Epoch 1100: train RMSE 0.9584, test RMSE 1.9057
Epoch 1200: train RMSE 0.9580, test RMSE 1.9055
Epoch 1300: train RMSE 0.9843, test RMSE 1.9253
Epoch 1400: train RMSE 0.9581, test RMSE 1.9768
Epoch 1500: train RMSE 0.9580, test RMSE 1.9758
Epoch 1600: train RMSE 0.9580, test RMSE 1.9712
Epoch 1700: train RMSE 0.9580, test RMSE 1.9741
Epoch 1800: train RMSE 0.9582, test RMSE 1.9265
Epoch 1900: train RMSE 0.9580, test RMSE 1.9106
Processing: OF_Smoothed
SETTING: 
MODEL_TYPE: complex LOOKBACK: 2 SPLIT_RATIO: 0.8 BATCH_SIZE: 8
Epoch 0: train RMSE 2.0290, test RMSE 1.9623
Epoch 100: train RMSE 1.6203, test RMSE 1.5449
Epoch 200: train RMSE 1.5696, test RMSE 1.6995
Epoch 300: train RMSE 1.5494, test RMSE 1.7778
Epoch 400: train RMSE 1.5224, test RMSE 1.8300
Epoch 500: train RMSE 1.5125, test RMSE 1.8163
Epoch 600: train RMSE 1.5123, test RMSE 1.8073
Epoch 700: train RMSE 1.5089, test RMSE 1.8217
Epoch 800: train RMSE 1.5409, test RMSE 1.7056
Epoch 900: train RMSE 1.5323, test RMSE 1.7100
Epoch 1000: train RMSE 1.5107, test RMSE 1.7588
Epoch 1100: train RMSE 1.5072, test RMSE 1.7876
Epoch 1200: train RMSE 1.5071, test RMSE 1.7795
Epoch 1300: train RMSE 1.5062, test RMSE 1.7854
Epoch 1400: train RMSE 1.5062, test RMSE 1.7877
Epoch 1500: train RMSE 1.5068, test RMSE 1.7957
Epoch 1600: train RMSE 1.5525, test RMSE 1.7395
Epoch 1700: train RMSE 1.5065, test RMSE 1.7753
Epoch 1800: train RMSE 1.5260, test RMSE 1.7248
Epoch 1900: train RMSE 1.5081, test RMSE 1.7853
SETTING: 
MODEL_TYPE: complex LOOKBACK: 2 SPLIT_RATIO: 0.85 BATCH_SIZE: 8
Epoch 0: train RMSE 1.5439, test RMSE 1.6983
Epoch 100: train RMSE 1.5258, test RMSE 1.7296
Epoch 200: train RMSE 1.5230, test RMSE 1.7746
Epoch 300: train RMSE 1.5271, test RMSE 1.7794
Epoch 400: train RMSE 1.5267, test RMSE 1.7796
Epoch 500: train RMSE 1.5265, test RMSE 1.6850
Epoch 600: train RMSE 1.5252, test RMSE 1.7609
Epoch 700: train RMSE 1.5236, test RMSE 1.7693
Epoch 800: train RMSE 1.5219, test RMSE 1.7577
Epoch 900: train RMSE 1.5224, test RMSE 1.7650
Epoch 1000: train RMSE 1.5275, test RMSE 1.7441
Epoch 1100: train RMSE 1.5237, test RMSE 1.7885
Epoch 1200: train RMSE 1.5221, test RMSE 1.8003
Epoch 1300: train RMSE 1.5220, test RMSE 1.7750
Epoch 1400: train RMSE 1.5224, test RMSE 1.7752
Epoch 1500: train RMSE 1.5211, test RMSE 1.7877
Epoch 1600: train RMSE 1.5265, test RMSE 1.7470
Epoch 1700: train RMSE 1.5212, test RMSE 1.7931
Epoch 1800: train RMSE 1.5212, test RMSE 1.7935
Epoch 1900: train RMSE 1.5312, test RMSE 1.7750
SETTING: 
MODEL_TYPE: complex LOOKBACK: 2 SPLIT_RATIO: 0.9 BATCH_SIZE: 8
Epoch 0: train RMSE 1.5663, test RMSE 1.3138
Epoch 100: train RMSE 1.5558, test RMSE 1.3151
Epoch 200: train RMSE 1.5502, test RMSE 1.3788
Epoch 300: train RMSE 1.5593, test RMSE 1.3256
Epoch 400: train RMSE 1.5492, test RMSE 1.3847
Epoch 500: train RMSE 1.5560, test RMSE 1.4142
Epoch 600: train RMSE 1.5490, test RMSE 1.3988
Epoch 700: train RMSE 1.5491, test RMSE 1.3738
Epoch 800: train RMSE 1.5548, test RMSE 1.4300
Epoch 900: train RMSE 1.5487, test RMSE 1.4166
Epoch 1000: train RMSE 1.5487, test RMSE 1.4154
Epoch 1100: train RMSE 1.5620, test RMSE 1.2807
Epoch 1200: train RMSE 1.5660, test RMSE 1.3530
Epoch 1300: train RMSE 1.5530, test RMSE 1.3047
Epoch 1400: train RMSE 1.5498, test RMSE 1.2077
Epoch 1500: train RMSE 1.5692, test RMSE 1.2387
Epoch 1600: train RMSE 1.5523, test RMSE 1.2212
Epoch 1700: train RMSE 1.5817, test RMSE 1.2623
Epoch 1800: train RMSE 1.5609, test RMSE 1.2660
Epoch 1900: train RMSE 1.5593, test RMSE 1.2697
SETTING: 
MODEL_TYPE: complex LOOKBACK: 4 SPLIT_RATIO: 0.8 BATCH_SIZE: 8
Epoch 0: train RMSE 1.5515, test RMSE 1.5297
Epoch 100: train RMSE 1.2534, test RMSE 1.6375
Epoch 200: train RMSE 1.1836, test RMSE 1.7791
Epoch 300: train RMSE 1.2401, test RMSE 1.8891
Epoch 400: train RMSE 1.1847, test RMSE 1.8977
Epoch 500: train RMSE 1.1844, test RMSE 1.8958
Epoch 600: train RMSE 1.1835, test RMSE 1.8803
Epoch 700: train RMSE 1.1828, test RMSE 1.8909
Epoch 800: train RMSE 1.1849, test RMSE 1.9032
Epoch 900: train RMSE 1.1828, test RMSE 1.8746
Epoch 1000: train RMSE 1.1993, test RMSE 1.8630
Epoch 1100: train RMSE 1.1825, test RMSE 1.8948
Epoch 1200: train RMSE 1.1827, test RMSE 1.9090
Epoch 1300: train RMSE 1.2120, test RMSE 1.8702
Epoch 1400: train RMSE 1.1906, test RMSE 1.8461
Epoch 1500: train RMSE 1.1885, test RMSE 1.8439
Epoch 1600: train RMSE 1.1826, test RMSE 1.9103
Epoch 1700: train RMSE 1.1825, test RMSE 1.9082
Epoch 1800: train RMSE 1.2150, test RMSE 1.9231
Epoch 1900: train RMSE 1.1826, test RMSE 1.9556
SETTING: 
MODEL_TYPE: complex LOOKBACK: 4 SPLIT_RATIO: 0.85 BATCH_SIZE: 8
Epoch 0: train RMSE 1.2443, test RMSE 1.9759
Epoch 100: train RMSE 1.2025, test RMSE 2.0049
Epoch 200: train RMSE 1.2041, test RMSE 1.9369
Epoch 300: train RMSE 1.1992, test RMSE 1.9481
Epoch 400: train RMSE 1.1992, test RMSE 1.9492
Epoch 500: train RMSE 1.1993, test RMSE 1.9476
Epoch 600: train RMSE 1.1989, test RMSE 2.0117
Epoch 700: train RMSE 1.1989, test RMSE 2.0014
Epoch 800: train RMSE 1.1988, test RMSE 1.9823
Epoch 900: train RMSE 1.2005, test RMSE 1.9545
Epoch 1000: train RMSE 1.1989, test RMSE 1.9455
Epoch 1100: train RMSE 1.2020, test RMSE 1.9622
Epoch 1200: train RMSE 1.2020, test RMSE 2.0041
Epoch 1300: train RMSE 1.1989, test RMSE 1.9440
Epoch 1400: train RMSE 1.1995, test RMSE 1.9311
Epoch 1500: train RMSE 1.1989, test RMSE 2.0129
Epoch 1600: train RMSE 1.1988, test RMSE 2.0298
Epoch 1700: train RMSE 1.1990, test RMSE 2.0252
Epoch 1800: train RMSE 1.2003, test RMSE 2.0081
Epoch 1900: train RMSE 1.1988, test RMSE 2.0176
SETTING: 
MODEL_TYPE: complex LOOKBACK: 4 SPLIT_RATIO: 0.9 BATCH_SIZE: 8
Epoch 0: train RMSE 1.2937, test RMSE 1.2908
Epoch 100: train RMSE 1.2133, test RMSE 1.3723
Epoch 200: train RMSE 1.2129, test RMSE 1.3774
Epoch 300: train RMSE 1.2171, test RMSE 1.2352
Epoch 400: train RMSE 1.2132, test RMSE 1.2998
Epoch 500: train RMSE 1.2135, test RMSE 1.3375
Epoch 600: train RMSE 1.2122, test RMSE 1.3743
Epoch 700: train RMSE 1.2273, test RMSE 1.3519
Epoch 800: train RMSE 1.2132, test RMSE 1.3842
Epoch 900: train RMSE 1.2139, test RMSE 1.3872
Epoch 1000: train RMSE 1.2131, test RMSE 1.3866
Epoch 1100: train RMSE 1.2283, test RMSE 1.4000
Epoch 1200: train RMSE 1.2129, test RMSE 1.3940
Epoch 1300: train RMSE 1.2128, test RMSE 1.3999
Epoch 1400: train RMSE 1.2175, test RMSE 1.4203
Epoch 1500: train RMSE 1.2133, test RMSE 1.4138
Epoch 1600: train RMSE 1.2128, test RMSE 1.4013
Epoch 1700: train RMSE 1.2158, test RMSE 1.3924
Epoch 1800: train RMSE 1.2128, test RMSE 1.4245
Epoch 1900: train RMSE 1.2130, test RMSE 1.4210
SETTING: 
MODEL_TYPE: complex LOOKBACK: 6 SPLIT_RATIO: 0.8 BATCH_SIZE: 8
Epoch 0: train RMSE 1.3058, test RMSE 1.5428
Epoch 100: train RMSE 0.9889, test RMSE 1.7641
Epoch 200: train RMSE 0.9851, test RMSE 1.7489
Epoch 300: train RMSE 0.9847, test RMSE 1.7563
Epoch 400: train RMSE 0.9841, test RMSE 1.7838
Epoch 500: train RMSE 0.9840, test RMSE 1.7754
Epoch 600: train RMSE 0.9869, test RMSE 1.8212
Epoch 700: train RMSE 0.9837, test RMSE 1.8122
Epoch 800: train RMSE 0.9903, test RMSE 1.8346
Epoch 900: train RMSE 0.9885, test RMSE 1.7942
Epoch 1000: train RMSE 1.0047, test RMSE 1.8224
Epoch 1100: train RMSE 0.9884, test RMSE 1.8381
Epoch 1200: train RMSE 0.9883, test RMSE 1.8258
Epoch 1300: train RMSE 0.9883, test RMSE 1.8245
Epoch 1400: train RMSE 1.0002, test RMSE 1.9160
Epoch 1500: train RMSE 0.9851, test RMSE 1.8794
Epoch 1600: train RMSE 0.9879, test RMSE 1.8995
Epoch 1700: train RMSE 0.9923, test RMSE 1.9094
Epoch 1800: train RMSE 0.9835, test RMSE 1.9819
Epoch 1900: train RMSE 0.9834, test RMSE 1.9868
SETTING: 
MODEL_TYPE: complex LOOKBACK: 6 SPLIT_RATIO: 0.85 BATCH_SIZE: 8
Epoch 0: train RMSE 1.0675, test RMSE 1.9607
Epoch 100: train RMSE 0.9980, test RMSE 1.9788
Epoch 200: train RMSE 0.9976, test RMSE 1.9893
Epoch 300: train RMSE 1.0007, test RMSE 1.9626
Epoch 400: train RMSE 1.0005, test RMSE 1.9083
Epoch 500: train RMSE 0.9978, test RMSE 1.9260
Epoch 600: train RMSE 0.9973, test RMSE 1.9649
Epoch 700: train RMSE 1.0005, test RMSE 1.9214
Epoch 800: train RMSE 0.9990, test RMSE 1.9127
Epoch 900: train RMSE 0.9989, test RMSE 1.8971
Epoch 1000: train RMSE 0.9990, test RMSE 1.9046
Epoch 1100: train RMSE 1.0018, test RMSE 1.9320
Epoch 1200: train RMSE 0.9981, test RMSE 1.9205
Epoch 1300: train RMSE 0.9988, test RMSE 1.9060
Epoch 1400: train RMSE 1.0049, test RMSE 1.8497
Epoch 1500: train RMSE 0.9979, test RMSE 1.8648
Epoch 1600: train RMSE 0.9973, test RMSE 1.9008
Epoch 1700: train RMSE 0.9972, test RMSE 1.9067
Epoch 1800: train RMSE 0.9989, test RMSE 1.9184
Epoch 1900: train RMSE 0.9988, test RMSE 1.9324
SETTING: 
MODEL_TYPE: complex LOOKBACK: 6 SPLIT_RATIO: 0.9 BATCH_SIZE: 8
Epoch 0: train RMSE 1.0637, test RMSE 1.2467
Epoch 100: train RMSE 1.0277, test RMSE 1.5705
Epoch 200: train RMSE 1.0013, test RMSE 1.5102
Epoch 300: train RMSE 1.0013, test RMSE 1.5510
Epoch 400: train RMSE 1.0012, test RMSE 1.5712
Epoch 500: train RMSE 1.0012, test RMSE 1.5620
Epoch 600: train RMSE 1.0017, test RMSE 1.5802
Epoch 700: train RMSE 1.0012, test RMSE 1.5577
Epoch 800: train RMSE 1.0011, test RMSE 1.5268
Epoch 900: train RMSE 1.0120, test RMSE 1.5179
Epoch 1000: train RMSE 1.0011, test RMSE 1.4673
Epoch 1100: train RMSE 1.0012, test RMSE 1.4457
Epoch 1200: train RMSE 1.0228, test RMSE 1.3930
Epoch 1300: train RMSE 1.0028, test RMSE 1.4667
Epoch 1400: train RMSE 1.0016, test RMSE 1.4300
Epoch 1500: train RMSE 1.0086, test RMSE 1.4122
Epoch 1600: train RMSE 1.0012, test RMSE 1.4837
Epoch 1700: train RMSE 1.0011, test RMSE 1.5179
Epoch 1800: train RMSE 1.0038, test RMSE 1.5570
Epoch 1900: train RMSE 1.0012, test RMSE 1.5667
Processing: MNU_Smoothed
SETTING: 
MODEL_TYPE: complex LOOKBACK: 2 SPLIT_RATIO: 0.8 BATCH_SIZE: 8
Epoch 0: train RMSE 0.4387, test RMSE 0.3651
Epoch 100: train RMSE 0.4380, test RMSE 0.3685
Epoch 200: train RMSE 0.4276, test RMSE 0.3663
Epoch 300: train RMSE 0.4209, test RMSE 0.3906
Epoch 400: train RMSE 0.4203, test RMSE 0.3771
Epoch 500: train RMSE 0.4170, test RMSE 0.3889
Epoch 600: train RMSE 0.4167, test RMSE 0.3930
Epoch 700: train RMSE 0.4166, test RMSE 0.3940
Epoch 800: train RMSE 0.4158, test RMSE 0.3925
Epoch 900: train RMSE 0.4315, test RMSE 0.3826
Epoch 1000: train RMSE 0.4260, test RMSE 0.3969
Epoch 1100: train RMSE 0.4255, test RMSE 0.4003
Epoch 1200: train RMSE 0.4175, test RMSE 0.3934
Epoch 1300: train RMSE 0.4175, test RMSE 0.3939
Epoch 1400: train RMSE 0.4175, test RMSE 0.3959
Epoch 1500: train RMSE 0.4175, test RMSE 0.3925
Epoch 1600: train RMSE 0.4306, test RMSE 0.3948
Epoch 1700: train RMSE 0.4285, test RMSE 0.3990
Epoch 1800: train RMSE 0.4200, test RMSE 0.4016
Epoch 1900: train RMSE 0.4175, test RMSE 0.3922
SETTING: 
MODEL_TYPE: complex LOOKBACK: 2 SPLIT_RATIO: 0.85 BATCH_SIZE: 8
Epoch 0: train RMSE 0.4173, test RMSE 0.3994
Epoch 100: train RMSE 0.4152, test RMSE 0.3860
Epoch 200: train RMSE 0.4152, test RMSE 0.3882
Epoch 300: train RMSE 0.4152, test RMSE 0.3866
Epoch 400: train RMSE 0.4152, test RMSE 0.3882
Epoch 500: train RMSE 0.4152, test RMSE 0.3875
Epoch 600: train RMSE 0.4288, test RMSE 0.3877
Epoch 700: train RMSE 0.4243, test RMSE 0.3955
Epoch 800: train RMSE 0.4229, test RMSE 0.3916
Epoch 900: train RMSE 0.4214, test RMSE 0.3920
Epoch 1000: train RMSE 0.4137, test RMSE 0.3886
Epoch 1100: train RMSE 0.4136, test RMSE 0.3867
Epoch 1200: train RMSE 0.4136, test RMSE 0.3877
Epoch 1300: train RMSE 0.4136, test RMSE 0.3877
Epoch 1400: train RMSE 0.4133, test RMSE 0.3884
Epoch 1500: train RMSE 0.4132, test RMSE 0.3887
Epoch 1600: train RMSE 0.4133, test RMSE 0.3858
Epoch 1700: train RMSE 0.4132, test RMSE 0.3882
Epoch 1800: train RMSE 0.4132, test RMSE 0.3887
Epoch 1900: train RMSE 0.4207, test RMSE 0.3777
SETTING: 
MODEL_TYPE: complex LOOKBACK: 2 SPLIT_RATIO: 0.9 BATCH_SIZE: 8
Epoch 0: train RMSE 0.4166, test RMSE 0.3032
Epoch 100: train RMSE 0.4210, test RMSE 0.3048
Epoch 200: train RMSE 0.4145, test RMSE 0.3048
Epoch 300: train RMSE 0.4144, test RMSE 0.3036
Epoch 400: train RMSE 0.4168, test RMSE 0.3037
Epoch 500: train RMSE 0.4147, test RMSE 0.3038
Epoch 600: train RMSE 0.4168, test RMSE 0.3032
Epoch 700: train RMSE 0.4139, test RMSE 0.3013
Epoch 800: train RMSE 0.4139, test RMSE 0.3013
Epoch 900: train RMSE 0.4138, test RMSE 0.3011
Epoch 1000: train RMSE 0.4139, test RMSE 0.3028
Epoch 1100: train RMSE 0.4138, test RMSE 0.3006
Epoch 1200: train RMSE 0.4138, test RMSE 0.3019
Epoch 1300: train RMSE 0.4138, test RMSE 0.3026
Epoch 1400: train RMSE 0.4138, test RMSE 0.3019
Epoch 1500: train RMSE 0.4140, test RMSE 0.3023
Epoch 1600: train RMSE 0.4140, test RMSE 0.3028
Epoch 1700: train RMSE 0.4140, test RMSE 0.3013
Epoch 1800: train RMSE 0.4138, test RMSE 0.3019
Epoch 1900: train RMSE 0.4138, test RMSE 0.3038
SETTING: 
MODEL_TYPE: complex LOOKBACK: 4 SPLIT_RATIO: 0.8 BATCH_SIZE: 8
Epoch 0: train RMSE 0.4275, test RMSE 0.3798
Epoch 100: train RMSE 0.4074, test RMSE 0.4169
Epoch 200: train RMSE 0.4031, test RMSE 0.4243
Epoch 300: train RMSE 0.4015, test RMSE 0.4204
Epoch 400: train RMSE 0.4014, test RMSE 0.4181
Epoch 500: train RMSE 0.4014, test RMSE 0.4171
Epoch 600: train RMSE 0.4101, test RMSE 0.4160
Epoch 700: train RMSE 0.4015, test RMSE 0.4279
Epoch 800: train RMSE 0.4013, test RMSE 0.4271
Epoch 900: train RMSE 0.4013, test RMSE 0.4301
Epoch 1000: train RMSE 0.4013, test RMSE 0.4273
Epoch 1100: train RMSE 0.4013, test RMSE 0.4280
Epoch 1200: train RMSE 0.4015, test RMSE 0.4165
Epoch 1300: train RMSE 0.4013, test RMSE 0.4220
Epoch 1400: train RMSE 0.4012, test RMSE 0.4180
Epoch 1500: train RMSE 0.4012, test RMSE 0.4208
Epoch 1600: train RMSE 0.4026, test RMSE 0.4156
Epoch 1700: train RMSE 0.4015, test RMSE 0.4210
Epoch 1800: train RMSE 0.4012, test RMSE 0.4236
Epoch 1900: train RMSE 0.4013, test RMSE 0.4240
SETTING: 
MODEL_TYPE: complex LOOKBACK: 4 SPLIT_RATIO: 0.85 BATCH_SIZE: 8
Epoch 0: train RMSE 0.4021, test RMSE 0.4208
Epoch 100: train RMSE 0.3997, test RMSE 0.4015
Epoch 200: train RMSE 0.3997, test RMSE 0.4013
Epoch 300: train RMSE 0.3997, test RMSE 0.4018
Epoch 400: train RMSE 0.3997, test RMSE 0.4017
Epoch 500: train RMSE 0.4051, test RMSE 0.4041
Epoch 600: train RMSE 0.4038, test RMSE 0.4036
Epoch 700: train RMSE 0.4021, test RMSE 0.4022
Epoch 800: train RMSE 0.3999, test RMSE 0.4027
Epoch 900: train RMSE 0.3997, test RMSE 0.4016
Epoch 1000: train RMSE 0.3997, test RMSE 0.4016
Epoch 1100: train RMSE 0.4082, test RMSE 0.4021
Epoch 1200: train RMSE 0.4063, test RMSE 0.3986
Epoch 1300: train RMSE 0.4034, test RMSE 0.4011
Epoch 1400: train RMSE 0.4011, test RMSE 0.4003
Epoch 1500: train RMSE 0.4010, test RMSE 0.4024
Epoch 1600: train RMSE 0.4010, test RMSE 0.4007
Epoch 1700: train RMSE 0.4039, test RMSE 0.4023
Epoch 1800: train RMSE 0.4011, test RMSE 0.4006
Epoch 1900: train RMSE 0.4010, test RMSE 0.3998
SETTING: 
MODEL_TYPE: complex LOOKBACK: 4 SPLIT_RATIO: 0.9 BATCH_SIZE: 8
Epoch 0: train RMSE 0.4098, test RMSE 0.3173
Epoch 100: train RMSE 0.4026, test RMSE 0.3190
Epoch 200: train RMSE 0.4026, test RMSE 0.3182
Epoch 300: train RMSE 0.4026, test RMSE 0.3197
Epoch 400: train RMSE 0.4085, test RMSE 0.3162
Epoch 500: train RMSE 0.4019, test RMSE 0.3145
Epoch 600: train RMSE 0.4014, test RMSE 0.3178
Epoch 700: train RMSE 0.4014, test RMSE 0.3181
Epoch 800: train RMSE 0.4029, test RMSE 0.3160
Epoch 900: train RMSE 0.4054, test RMSE 0.3216
Epoch 1000: train RMSE 0.4022, test RMSE 0.3216
Epoch 1100: train RMSE 0.4017, test RMSE 0.3197
Epoch 1200: train RMSE 0.4015, test RMSE 0.3196
Epoch 1300: train RMSE 0.4068, test RMSE 0.3159
Epoch 1400: train RMSE 0.4075, test RMSE 0.3213
Epoch 1500: train RMSE 0.4030, test RMSE 0.3199
Epoch 1600: train RMSE 0.4028, test RMSE 0.3181
Epoch 1700: train RMSE 0.4026, test RMSE 0.3194
Epoch 1800: train RMSE 0.4015, test RMSE 0.3217
Epoch 1900: train RMSE 0.4013, test RMSE 0.3190
SETTING: 
MODEL_TYPE: complex LOOKBACK: 6 SPLIT_RATIO: 0.8 BATCH_SIZE: 8
Epoch 0: train RMSE 0.4152, test RMSE 0.4047
Epoch 100: train RMSE 0.3753, test RMSE 0.4304
Epoch 200: train RMSE 0.3750, test RMSE 0.4345
Epoch 300: train RMSE 0.3748, test RMSE 0.4325
Epoch 400: train RMSE 0.3748, test RMSE 0.4358
Epoch 500: train RMSE 0.3747, test RMSE 0.4360
Epoch 600: train RMSE 0.3747, test RMSE 0.4352
Epoch 700: train RMSE 0.3747, test RMSE 0.4340
Epoch 800: train RMSE 0.3848, test RMSE 0.4428
Epoch 900: train RMSE 0.3861, test RMSE 0.4462
Epoch 1000: train RMSE 0.3802, test RMSE 0.4543
Epoch 1100: train RMSE 0.3759, test RMSE 0.4551
Epoch 1200: train RMSE 0.3811, test RMSE 0.4568
Epoch 1300: train RMSE 0.3809, test RMSE 0.4478
Epoch 1400: train RMSE 0.3754, test RMSE 0.4488
Epoch 1500: train RMSE 0.3765, test RMSE 0.4591
Epoch 1600: train RMSE 0.3750, test RMSE 0.4623
Epoch 1700: train RMSE 0.3748, test RMSE 0.4593
Epoch 1800: train RMSE 0.3766, test RMSE 0.4637
Epoch 1900: train RMSE 0.3748, test RMSE 0.4509
SETTING: 
MODEL_TYPE: complex LOOKBACK: 6 SPLIT_RATIO: 0.85 BATCH_SIZE: 8
Epoch 0: train RMSE 0.3780, test RMSE 0.4392
Epoch 100: train RMSE 0.3976, test RMSE 0.4389
Epoch 200: train RMSE 0.3717, test RMSE 0.4298
Epoch 300: train RMSE 0.3718, test RMSE 0.4300
Epoch 400: train RMSE 0.3719, test RMSE 0.4290
Epoch 500: train RMSE 0.3719, test RMSE 0.4262
Epoch 600: train RMSE 0.3718, test RMSE 0.4252
Epoch 700: train RMSE 0.3721, test RMSE 0.4293
Epoch 800: train RMSE 0.3719, test RMSE 0.4289
Epoch 900: train RMSE 0.3720, test RMSE 0.4243
Epoch 1000: train RMSE 0.3717, test RMSE 0.4272
Epoch 1100: train RMSE 0.3718, test RMSE 0.4269
Epoch 1200: train RMSE 0.3718, test RMSE 0.4265
Epoch 1300: train RMSE 0.3717, test RMSE 0.4269
Epoch 1400: train RMSE 0.3732, test RMSE 0.4265
Epoch 1500: train RMSE 0.3718, test RMSE 0.4274
Epoch 1600: train RMSE 0.3717, test RMSE 0.4274
Epoch 1700: train RMSE 0.3758, test RMSE 0.4244
Epoch 1800: train RMSE 0.3719, test RMSE 0.4275
Epoch 1900: train RMSE 0.3718, test RMSE 0.4292
SETTING: 
MODEL_TYPE: complex LOOKBACK: 6 SPLIT_RATIO: 0.9 BATCH_SIZE: 8
Epoch 0: train RMSE 0.3760, test RMSE 0.3354
Epoch 100: train RMSE 0.3788, test RMSE 0.3352
Epoch 200: train RMSE 0.3744, test RMSE 0.3371
Epoch 300: train RMSE 0.3748, test RMSE 0.3361
Epoch 400: train RMSE 0.3743, test RMSE 0.3346
Epoch 500: train RMSE 0.3743, test RMSE 0.3365
Epoch 600: train RMSE 0.3744, test RMSE 0.3358
Epoch 700: train RMSE 0.3743, test RMSE 0.3369
Epoch 800: train RMSE 0.3743, test RMSE 0.3378
Epoch 900: train RMSE 0.3746, test RMSE 0.3401
Epoch 1000: train RMSE 0.3744, test RMSE 0.3391
Epoch 1100: train RMSE 0.3744, test RMSE 0.3393
Epoch 1200: train RMSE 0.3743, test RMSE 0.3395
Epoch 1300: train RMSE 0.3743, test RMSE 0.3378
Epoch 1400: train RMSE 0.3743, test RMSE 0.3396
Epoch 1500: train RMSE 0.3744, test RMSE 0.3387
Epoch 1600: train RMSE 0.3867, test RMSE 0.3385
Epoch 1700: train RMSE 0.3744, test RMSE 0.3376
Epoch 1800: train RMSE 0.3743, test RMSE 0.3372
Epoch 1900: train RMSE 0.3743, test RMSE 0.3375
Processing: ONU_Smoothed
SETTING: 
MODEL_TYPE: complex LOOKBACK: 2 SPLIT_RATIO: 0.8 BATCH_SIZE: 8
Epoch 0: train RMSE 1.5526, test RMSE 1.6419
Epoch 100: train RMSE 1.1811, test RMSE 1.0894
Epoch 200: train RMSE 1.1608, test RMSE 1.1395
Epoch 300: train RMSE 1.1198, test RMSE 1.1808
Epoch 400: train RMSE 1.0940, test RMSE 1.1211
Epoch 500: train RMSE 1.0989, test RMSE 1.1308
Epoch 600: train RMSE 1.0960, test RMSE 1.1612
Epoch 700: train RMSE 1.1520, test RMSE 1.2868
Epoch 800: train RMSE 1.1204, test RMSE 1.1231
Epoch 900: train RMSE 1.0852, test RMSE 1.1607
Epoch 1000: train RMSE 1.0860, test RMSE 1.1775
Epoch 1100: train RMSE 1.0835, test RMSE 1.1900
Epoch 1200: train RMSE 1.0829, test RMSE 1.2255
Epoch 1300: train RMSE 1.0822, test RMSE 1.2232
Epoch 1400: train RMSE 1.0867, test RMSE 1.1578
Epoch 1500: train RMSE 1.0845, test RMSE 1.1707
Epoch 1600: train RMSE 1.0809, test RMSE 1.2036
Epoch 1700: train RMSE 1.0818, test RMSE 1.1294
Epoch 1800: train RMSE 1.0812, test RMSE 1.1229
Epoch 1900: train RMSE 1.0831, test RMSE 1.1528
SETTING: 
MODEL_TYPE: complex LOOKBACK: 2 SPLIT_RATIO: 0.85 BATCH_SIZE: 8
Epoch 0: train RMSE 1.1016, test RMSE 1.2565
Epoch 100: train RMSE 1.0912, test RMSE 1.2817
Epoch 200: train RMSE 1.1069, test RMSE 1.2427
Epoch 300: train RMSE 1.0910, test RMSE 1.1821
Epoch 400: train RMSE 1.1043, test RMSE 1.2129
Epoch 500: train RMSE 1.0936, test RMSE 1.1920
Epoch 600: train RMSE 1.0960, test RMSE 1.2014
Epoch 700: train RMSE 1.0929, test RMSE 1.1732
Epoch 800: train RMSE 1.0964, test RMSE 1.2022
Epoch 900: train RMSE 1.0934, test RMSE 1.1981
Epoch 1000: train RMSE 1.0998, test RMSE 1.1476
Epoch 1100: train RMSE 1.0912, test RMSE 1.1487
Epoch 1200: train RMSE 1.0957, test RMSE 1.1982
Epoch 1300: train RMSE 1.0915, test RMSE 1.2106
Epoch 1400: train RMSE 1.1048, test RMSE 1.1781
Epoch 1500: train RMSE 1.0944, test RMSE 1.1833
Epoch 1600: train RMSE 1.0943, test RMSE 1.1849
Epoch 1700: train RMSE 1.0921, test RMSE 1.1877
Epoch 1800: train RMSE 1.0915, test RMSE 1.1991
Epoch 1900: train RMSE 1.1114, test RMSE 1.2089
SETTING: 
MODEL_TYPE: complex LOOKBACK: 2 SPLIT_RATIO: 0.9 BATCH_SIZE: 8
Epoch 0: train RMSE 1.0942, test RMSE 1.0716
Epoch 100: train RMSE 1.0898, test RMSE 1.0694
Epoch 200: train RMSE 1.1411, test RMSE 1.0471
Epoch 300: train RMSE 1.1148, test RMSE 1.0324
Epoch 400: train RMSE 1.0936, test RMSE 1.1058
Epoch 500: train RMSE 1.1097, test RMSE 1.0681
Epoch 600: train RMSE 1.0892, test RMSE 1.1242
Epoch 700: train RMSE 1.0991, test RMSE 1.0153
Epoch 800: train RMSE 1.0934, test RMSE 1.0875
Epoch 900: train RMSE 1.1194, test RMSE 1.1284
Epoch 1000: train RMSE 1.1203, test RMSE 1.0891
Epoch 1100: train RMSE 1.0949, test RMSE 1.1063
Epoch 1200: train RMSE 1.0929, test RMSE 1.1190
Epoch 1300: train RMSE 1.0954, test RMSE 1.1141
Epoch 1400: train RMSE 1.0929, test RMSE 1.1275
Epoch 1500: train RMSE 1.1692, test RMSE 0.9339
Epoch 1600: train RMSE 1.0919, test RMSE 1.0830
Epoch 1700: train RMSE 1.1100, test RMSE 1.0916
Epoch 1800: train RMSE 1.0886, test RMSE 1.1251
Epoch 1900: train RMSE 1.0947, test RMSE 1.1255
SETTING: 
MODEL_TYPE: complex LOOKBACK: 4 SPLIT_RATIO: 0.8 BATCH_SIZE: 8
Epoch 0: train RMSE 1.1210, test RMSE 1.1386
Epoch 100: train RMSE 0.9582, test RMSE 1.2775
Epoch 200: train RMSE 0.9732, test RMSE 1.2406
Epoch 300: train RMSE 0.9542, test RMSE 1.2969
Epoch 400: train RMSE 0.9694, test RMSE 1.2891
Epoch 500: train RMSE 0.9531, test RMSE 1.2693
Epoch 600: train RMSE 0.9405, test RMSE 1.2330
Epoch 700: train RMSE 0.9404, test RMSE 1.3240
Epoch 800: train RMSE 0.9388, test RMSE 1.3237
Epoch 900: train RMSE 0.9569, test RMSE 1.3156
Epoch 1000: train RMSE 0.9404, test RMSE 1.2946
Epoch 1100: train RMSE 0.9380, test RMSE 1.2918
Epoch 1200: train RMSE 0.9527, test RMSE 1.3269
Epoch 1300: train RMSE 0.9393, test RMSE 1.3104
Epoch 1400: train RMSE 0.9380, test RMSE 1.3113
Epoch 1500: train RMSE 0.9490, test RMSE 1.3416
Epoch 1600: train RMSE 0.9378, test RMSE 1.3229
Epoch 1700: train RMSE 0.9441, test RMSE 1.3158
Epoch 1800: train RMSE 0.9377, test RMSE 1.3081
Epoch 1900: train RMSE 0.9412, test RMSE 1.2994
SETTING: 
MODEL_TYPE: complex LOOKBACK: 4 SPLIT_RATIO: 0.85 BATCH_SIZE: 8
Epoch 0: train RMSE 0.9624, test RMSE 1.2240
Epoch 100: train RMSE 0.9599, test RMSE 1.2976
Epoch 200: train RMSE 0.9464, test RMSE 1.2820
Epoch 300: train RMSE 0.9536, test RMSE 1.2888
Epoch 400: train RMSE 0.9458, test RMSE 1.2723
Epoch 500: train RMSE 0.9486, test RMSE 1.2865
Epoch 600: train RMSE 0.9458, test RMSE 1.2836
Epoch 700: train RMSE 0.9459, test RMSE 1.2733
Epoch 800: train RMSE 0.9468, test RMSE 1.3086
Epoch 900: train RMSE 0.9458, test RMSE 1.2963
Epoch 1000: train RMSE 0.9466, test RMSE 1.3077
Epoch 1100: train RMSE 0.9461, test RMSE 1.3080
Epoch 1200: train RMSE 0.9467, test RMSE 1.3050
Epoch 1300: train RMSE 0.9458, test RMSE 1.3031
Epoch 1400: train RMSE 0.9458, test RMSE 1.2485
Epoch 1500: train RMSE 0.9468, test RMSE 1.3247
Epoch 1600: train RMSE 0.9458, test RMSE 1.3003
Epoch 1700: train RMSE 0.9665, test RMSE 1.2519
Epoch 1800: train RMSE 0.9472, test RMSE 1.2567
Epoch 1900: train RMSE 0.9457, test RMSE 1.2609
SETTING: 
MODEL_TYPE: complex LOOKBACK: 4 SPLIT_RATIO: 0.9 BATCH_SIZE: 8
Epoch 0: train RMSE 0.9613, test RMSE 1.0690
Epoch 100: train RMSE 0.9460, test RMSE 1.1188
Epoch 200: train RMSE 0.9654, test RMSE 1.0990
Epoch 300: train RMSE 0.9493, test RMSE 1.0889
Epoch 400: train RMSE 0.9733, test RMSE 1.0782
Epoch 500: train RMSE 0.9470, test RMSE 1.1048
Epoch 600: train RMSE 0.9463, test RMSE 1.0894
Epoch 700: train RMSE 0.9460, test RMSE 1.0918
Epoch 800: train RMSE 0.9485, test RMSE 1.0997
Epoch 900: train RMSE 0.9468, test RMSE 1.1033
Epoch 1000: train RMSE 0.9514, test RMSE 1.1037
Epoch 1100: train RMSE 0.9466, test RMSE 1.1093
Epoch 1200: train RMSE 0.9459, test RMSE 1.1134
Epoch 1300: train RMSE 0.9509, test RMSE 1.1046
Epoch 1400: train RMSE 0.9505, test RMSE 1.1117
Epoch 1500: train RMSE 0.9461, test RMSE 1.0766
Epoch 1600: train RMSE 0.9461, test RMSE 1.0871
Epoch 1700: train RMSE 0.9460, test RMSE 1.0921
Epoch 1800: train RMSE 0.9459, test RMSE 1.0918
Epoch 1900: train RMSE 0.9460, test RMSE 1.1129
SETTING: 
MODEL_TYPE: complex LOOKBACK: 6 SPLIT_RATIO: 0.8 BATCH_SIZE: 8
Epoch 0: train RMSE 1.0019, test RMSE 1.1434
Epoch 100: train RMSE 0.8031, test RMSE 1.2928
Epoch 200: train RMSE 0.8014, test RMSE 1.2910
Epoch 300: train RMSE 0.8010, test RMSE 1.3039
Epoch 400: train RMSE 0.8007, test RMSE 1.3075
Epoch 500: train RMSE 0.8330, test RMSE 1.3358
Epoch 600: train RMSE 0.8004, test RMSE 1.3450
Epoch 700: train RMSE 0.8003, test RMSE 1.3385
Epoch 800: train RMSE 0.8001, test RMSE 1.3551
Epoch 900: train RMSE 0.8000, test RMSE 1.3491
Epoch 1000: train RMSE 0.7999, test RMSE 1.3483
Epoch 1100: train RMSE 0.8001, test RMSE 1.3643
Epoch 1200: train RMSE 0.7999, test RMSE 1.3658
Epoch 1300: train RMSE 0.8000, test RMSE 1.3775
Epoch 1400: train RMSE 0.7999, test RMSE 1.3869
Epoch 1500: train RMSE 0.8001, test RMSE 1.3727
Epoch 1600: train RMSE 0.7998, test RMSE 1.3652
Epoch 1700: train RMSE 0.7999, test RMSE 1.3610
Epoch 1800: train RMSE 0.8000, test RMSE 1.3641
Epoch 1900: train RMSE 0.8030, test RMSE 1.3590
SETTING: 
MODEL_TYPE: complex LOOKBACK: 6 SPLIT_RATIO: 0.85 BATCH_SIZE: 8
Epoch 0: train RMSE 0.8431, test RMSE 1.3303
Epoch 100: train RMSE 0.8012, test RMSE 1.3374
Epoch 200: train RMSE 0.8018, test RMSE 1.3267
Epoch 300: train RMSE 0.8008, test RMSE 1.3039
Epoch 400: train RMSE 0.7999, test RMSE 1.2760
Epoch 500: train RMSE 0.7997, test RMSE 1.2604
Epoch 600: train RMSE 0.7993, test RMSE 1.2522
Epoch 700: train RMSE 0.7993, test RMSE 1.2628
Epoch 800: train RMSE 0.8001, test RMSE 1.3081
Epoch 900: train RMSE 0.7994, test RMSE 1.3223
Epoch 1000: train RMSE 0.7993, test RMSE 1.3051
Epoch 1100: train RMSE 0.7995, test RMSE 1.3467
Epoch 1200: train RMSE 0.7992, test RMSE 1.3296
Epoch 1300: train RMSE 0.7993, test RMSE 1.3198
Epoch 1400: train RMSE 0.7993, test RMSE 1.3104
Epoch 1500: train RMSE 0.8009, test RMSE 1.3779
Epoch 1600: train RMSE 0.7998, test RMSE 1.3711
Epoch 1700: train RMSE 0.7993, test RMSE 1.3576
Epoch 1800: train RMSE 0.8332, test RMSE 1.3010
Epoch 1900: train RMSE 0.7993, test RMSE 1.3348
SETTING: 
MODEL_TYPE: complex LOOKBACK: 6 SPLIT_RATIO: 0.9 BATCH_SIZE: 8
Epoch 0: train RMSE 0.8395, test RMSE 1.1803
Epoch 100: train RMSE 0.8048, test RMSE 1.2231
Epoch 200: train RMSE 0.8049, test RMSE 1.2365
Epoch 300: train RMSE 0.8048, test RMSE 1.2309
Epoch 400: train RMSE 0.8048, test RMSE 1.2805
Epoch 500: train RMSE 0.8048, test RMSE 1.2618
Epoch 600: train RMSE 0.8047, test RMSE 1.3098
Epoch 700: train RMSE 0.8048, test RMSE 1.3068
Epoch 800: train RMSE 0.8048, test RMSE 1.2894
Epoch 900: train RMSE 0.8047, test RMSE 1.3032
Epoch 1000: train RMSE 0.8047, test RMSE 1.3034
Epoch 1100: train RMSE 0.8062, test RMSE 1.3119
Epoch 1200: train RMSE 0.8047, test RMSE 1.3006
Epoch 1300: train RMSE 0.8048, test RMSE 1.2880
Epoch 1400: train RMSE 0.8048, test RMSE 1.2898
Epoch 1500: train RMSE 0.8052, test RMSE 1.2678
Epoch 1600: train RMSE 0.8048, test RMSE 1.2912
Epoch 1700: train RMSE 0.8047, test RMSE 1.2920
Epoch 1800: train RMSE 0.8048, test RMSE 1.2931
Epoch 1900: train RMSE 0.8056, test RMSE 1.1609
